
{ Download Winning Numbers from www.calottery.com on 1/14/2017  (manually updated daily)  for Super Lotto }
Pattern:  | 0 - 3 | 2 - 7 | 3 - 9 | 6 - 14 | 9 - 36 | 

===
= Selectons for [1058, Sat, Jun, 17, 2023]
===
One item from list of (20 options): [1, 3, 4, 5, 8, 11, 18, 19, 20, 22, 30, 31, 35, 36, 37, 39, 40, 42, 43, 45]
One item from list of (19 options): [1, 3, 4, 6, 8, 16, 19, 20, 22, 23, 27, 30, 31, 36, 37, 40, 42, 43, 45]
One item from list of (18 options): [2, 6, 7, 9, 14, 16, 17, 19, 21, 23, 24, 27, 28, 30, 37, 43, 44, 47]
One item from list of (17 options): [3, 5, 8, 11, 12, 13, 18, 22, 29, 31, 33, 35, 39, 40, 42, 45, 46]
One item from list of (15 options): [5, 10, 12, 13, 15, 18, 26, 29, 32, 33, 34, 38, 39, 41, 46]
20 * 19 * 18 * 17 * 15 = 1744200
===
= True Permutations: 539340
===
Game selection Permutations: 1533939 (for 5 of 5 game) 41416353 (for 6 of 6 game) 
Portion of selections: 35.160458%
Edge: 64.83954%
===

===
= Ages 
===
0: 02 14 24 44 47 (5 choices)
1: 07 09 17 21 28 (5 choices)
2: 06 16 23 27 (4 choices)
3: 19 30 37 43 (4 choices)
4: 01 (1 choices)
5: 04 20 36 (3 choices)
6: 03 08 22 40 (4 choices)
7: 31 42 45 (3 choices)
8: 11 35 (2 choices)
9: 05 18 39 (3 choices)
10: 12 13 33 (3 choices)
11: 29 (1 choices)
13: 46 (1 choices)
15: 41 (1 choices)
18: 32 (1 choices)
20: 26 (1 choices)
24: 15 (1 choices)
25: 10 (1 choices)
27: 38 (1 choices)
29: 34 (1 choices)
60: 25 (1 choices)
===

===
= Ages (MEGA)
===
0: 07 
1: 16 
2: 04 
4: 25 
5: 19 
8: 13 
9: 12 
10: 26 
11: 22 
13: 09 
14: 08 
15: 18 
17: 01 
18: 15 
20: 02 
26: 06 
28: 11 
29: 17 
32: 23 
33: 24 
37: 14 
41: 21 
47: 03 
84: 05 
93: 10 
95: 27 
189: 20 
===

===
= Last 100 events
===
 0 => [1057, Wed, Jun, 14, 2023]
	   02:  [7, 19, 21, 33, 35, 40, 49, 61, 72, 79, 82, 86, 91, 92, 93, 95, 97, 103, 112, 120, 123, 135, 139, 149, 150, 163, 170, 172, 176, 179, 188, 191, 193] STF
	   14:  [2, 28, 52, 64, 67, 68, 76, 95, 121, 122, 127, 131, 134, 159, 162, 168, 169, 174, 194] FZZ
	   24:  [12, 31, 37, 43, 59, 65, 80, 81, 82, 90, 93, 102, 104, 124, 128, 137, 196] TZS
	   44:  [12, 30, 44, 57, 59, 62, 73, 80, 84, 94, 101, 114, 124, 133, 139, 140, 144, 145, 160, 164, 173, 183, 189] TZT
	   47:  [13, 23, 32, 34, 57, 66, 77, 93, 110, 111, 120, 142, 146, 148, 152, 168, 183, 188, 189, 192, 199] TSS
	 M 07:  [6, 30, 31, 34, 44, 71, 75, 150, 166, 186, 198] SZF
      FZZ-SZF-STF-TZS-TZT-TSS
      1582 - [02!, 14, 24, 44, 47] 1!
      [1, 6, 11, 11, 12] Score = 4

 1 => [1056, Sat, Jun, 10, 2023]
	   07:  [2, 5, 10, 13, 21, 31, 40, 41, 43, 63, 77, 83, 84, 93, 122, 132, 140, 143, 156, 158, 165, 181, 183, 185] FFF
	   09:  [15, 20, 21, 25, 28, 29, 37, 46, 56, 63, 70, 71, 76, 85, 106, 108, 109, 115, 142, 149, 152, 155, 184, 189, 192] TFF
	   17:  [3, 4, 10, 11, 15, 16, 29, 39, 49, 51, 60, 70, 82, 96, 121, 124, 128, 130, 143, 149, 161, 165, 166, 168, 177, 186, 190] FFS
	   21:  [3, 4, 10, 11, 21, 35, 37, 41, 43, 62, 74, 87, 91, 106, 110, 114, 116, 118, 129, 141, 153, 161, 173, 174, 187, 190, 191] FFS
	   28:  [25, 27, 47, 59, 64, 71, 73, 77, 79, 88, 90, 126, 129, 140, 162, 181] ZFZ
	 M 16:  [2, 23, 56, 78, 93, 132, 163] FZZ
      FFF-FZZ-FFS-FFS-TFF-ZFZ
      840 - [07^, 09^, 17^, 21^, 28] 4^
      [1, 2, 2, 14, 24] Score = 4

 2 => [1055, Wed, Jun, 07, 2023]
	   06:  [11, 24, 35, 43, 45, 54, 60, 63, 73, 74, 111, 125, 132, 133, 142, 155, 156, 158, 167, 175, 178, 185, 186] TTT
	   14:  [26, 50, 62, 65, 66, 74, 93, 119, 120, 125, 129, 132, 157, 160, 166, 167, 172, 192] ZZT
	   16:  [7, 11, 17, 23, 25, 34, 35, 39, 42, 44, 52, 58, 65, 67, 72, 74, 80, 81, 92, 124, 132, 152, 176, 193] SFS
	   23:  [2, 6, 12, 46, 48, 71, 73, 86, 95, 116, 137, 156, 183] FFS
	   27:  [11, 22, 27, 28, 49, 99, 105, 114, 144, 159, 161, 165, 168, 195] TTF
	 M 04:  [37, 52, 83, 100, 125, 156, 166, 168] ZTZ
      FFS-SFS-TTT-TTF-ZZT-ZTZ
      1274 - [06!, 14, 16^, 23, 27] 1^ 1!
      [1, 6, 10, 10, 25] Score = 4

 3 => [1054, Sat, Jun, 03, 2023]
	   07:  [3, 8, 11, 19, 29, 38, 39, 41, 61, 75, 81, 82, 91, 120, 130, 138, 141, 154, 156, 163, 179, 181, 183] FFF
	   19:  [22, 32, 50, 62, 79, 86, 93, 94, 97, 116, 128, 129, 131, 153, 156, 188, 194, 195] ZSZ
	   30:  [1, 14, 23, 35, 45, 46, 67, 78, 91, 110, 126, 132, 134, 149, 169, 173, 176, 182, 184, 192, 195] FTS
	   37:  [5, 16, 21, 37, 65, 111, 120, 126, 137, 152, 165, 166, 171, 173] FTF
	   43:  [7, 12, 15, 25, 29, 45, 46, 51, 61, 67, 69, 76, 80, 87, 92, 98, 105, 107, 123, 128, 142, 149, 150, 161, 170, 172, 173, 183, 191] SFF
	 M 16:  [21, 54, 76, 91, 130, 161] ZZZ
      FTS-FFF-FTF-SFF-ZZZ-ZSZ
      1634 - [07!, 19, 30, 37, 43^] 1^ 1!
      [0, 2, 4, 6, 21] Score = 5

 4 => [1053, Wed, May, 31, 2023]
	   01:  [4, 26, 46, 53, 55, 74, 81, 83, 86, 102, 134, 143, 147, 148, 157, 169, 170, 178, 193, 195] FZZ
	   17:  [1, 7, 8, 12, 13, 26, 36, 46, 48, 57, 67, 79, 93, 118, 121, 125, 127, 140, 146, 158, 162, 163, 165, 174, 183, 187] FSF
	   21:  [1, 7, 8, 18, 32, 34, 38, 40, 59, 71, 84, 88, 103, 107, 111, 113, 115, 126, 138, 150, 158, 170, 171, 184, 187, 188] FSF
	   23:  [4, 10, 44, 46, 69, 71, 84, 93, 114, 135, 154, 181] FSZ
	   30:  [13, 22, 34, 44, 45, 66, 77, 90, 109, 125, 131, 133, 148, 168, 172, 175, 181, 183, 191, 194] TST
	 M 25:  [23, 55, 132, 177, 192] ZZZ
      FSF-FSF-FZZ-FSZ-TST-ZZZ
      1324 - [01, 17^, 21, 23, 30!] 1^ 1!
      [0, 0, 3, 3, 12] Score = 4

 5 => [1052, Sat, May, 27, 2023]
	   04:  [9, 14, 18, 24, 26, 38, 40, 41, 46, 50, 53, 94, 100, 122, 130, 153, 175, 179, 189] SFF
	   17:  [6, 7, 11, 12, 25, 35, 45, 47, 56, 66, 78, 92, 117, 120, 124, 126, 139, 145, 157, 161, 162, 164, 173, 182, 186] SFF
	   20:  [7, 13, 15, 19, 21, 24, 30, 33, 35, 42, 76, 91, 110, 111, 119, 135, 145, 149, 152, 157, 162, 166, 176, 188, 191] SSF
	   21:  [6, 7, 17, 31, 33, 37, 39, 58, 70, 83, 87, 102, 106, 110, 112, 114, 125, 137, 149, 157, 169, 170, 183, 186, 187] SFS
	   36:  [12, 20, 22, 28, 33, 34, 66, 70, 71, 91, 108, 115, 127, 128, 132, 133, 140, 156, 160, 168, 176, 184, 189, 193] TSF
	 M 19:  [2, 53, 57, 117, 167] FZF
      FZF-SFF-SFS-SSF-SFF-TSF
      784 - [04^, 17^, 20^, 21!, 36^] 4^ 1!
      [5, 5, 6, 8, 11] Score = 4

 6 => [1051, Wed, May, 24, 2023]
	   03:  [1, 10, 27, 36, 44, 45, 56, 57, 67, 82, 95, 103, 111, 112, 119, 131, 175] FSZ
	   07:  [5, 8, 16, 26, 35, 36, 38, 58, 72, 78, 79, 88, 117, 127, 135, 138, 151, 153, 160, 176, 178, 180] FFS
	   08:  [19, 33, 51, 56, 60, 61, 62, 66, 71, 72, 86, 98, 105, 108, 116, 132, 140, 147, 150, 186] ZTZ
	   22:  [9, 25, 35, 41, 47, 50, 64, 67, 79, 113, 137, 145, 169, 171, 172, 183, 184] SZS
	   40:  [4, 30, 36, 37, 55, 56, 78, 88, 114, 116, 118, 132, 162, 168, 186, 191] FZS
	 M 07:  [24, 25, 28, 38, 65, 69, 144, 160, 180, 192] ZFF
      FSZ-FZS-FFS-SZS-ZTZ-ZFF
      1400 - [03, 07, 08, 22, 40]
      [0, 3, 4, 8, 18] Score = 5

 7 => [1054, Sat, May, 20, 2023]
	   02:  [12, 14, 26, 28, 33, 42, 54, 65, 72, 75, 79, 84, 85, 86, 88, 90, 96, 105, 113, 116, 128, 132, 142, 143, 156, 163, 165, 169, 172, 181, 184, 186] TFT
	   03:  [9, 26, 35, 43, 44, 55, 56, 66, 81, 94, 102, 110, 111, 118, 130, 174] SZS
	   31:  [10, 32, 34, 38, 59, 66, 129, 135, 137, 154, 164] SZF
	   42:  [4, 8, 16, 34, 40, 42, 43, 51, 56, 71, 75, 80, 89, 92, 95, 99, 101, 102, 103, 109, 117, 125, 132, 140, 142, 144, 148, 157, 158] FFS
	   45:  [26, 48, 53, 67, 76, 80, 81, 100, 105, 107, 123, 135, 140, 156, 159, 164, 174, 175, 178, 179, 180, 183] ZZF
	 M 19:  [51, 55, 115, 165] ZFZ
      FFS-SZS-SZF-TFT-ZZF-ZFZ
      1394 - [02^, 03!, 31, 42, 45] 1^ 1!
      [3, 8, 9, 11, 25] Score = 4

 8 => [1053, Wed, May, 17, 2023]
	   01:  [22, 42, 49, 51, 70, 77, 79, 82, 98, 130, 139, 143, 144, 153, 165, 166, 174, 189, 191] ZZS
	   11:  [1, 6, 8, 10, 13, 26, 37, 40, 43, 44, 47, 63, 80, 83, 84, 91, 95, 97, 110, 123, 146, 151, 153, 156, 159, 177, 190] FFF
	   23:  [6, 40, 42, 65, 67, 80, 89, 110, 131, 150, 177] SZF
	   35:  [12, 19, 24, 29, 44, 61, 73, 81, 87, 94, 109, 113, 119, 132, 140, 147, 155, 165, 171, 188] TSF
	   37:  [11, 16, 32, 60, 106, 115, 121, 132, 147, 160, 161, 166, 168] TFZ
	 M 13:  [70, 113, 123] ???
      FFF-SZF-TFZ-TSF-ZZS-???
      1910 - [01, 11^, 23, 35, 37] 1^
      [0, 5, 10, 11, 21] Score = 4

 9 => [1052, Sat, May, 13, 2023]
	   05:  [52, 57, 58, 60, 61, 107, 116, 117, 124, 127, 142, 144, 147, 151, 162, 172, 173, 175, 188] ZFF
	   11:  [5, 7, 9, 12, 25, 36, 39, 42, 43, 46, 62, 79, 82, 83, 90, 94, 96, 109, 122, 145, 150, 152, 155, 158, 176, 189] FFF
	   16:  [4, 10, 16, 18, 27, 28, 32, 35, 37, 45, 51, 58, 60, 65, 67, 73, 74, 85, 117, 125, 145, 169, 186] FSS
	   18:  [7, 37, 44, 47, 76, 94, 133, 185, 186] SZS
	   39:  [10, 11, 13, 27, 42, 55, 71, 80, 88, 92, 94, 99, 102, 110, 131, 139, 147, 171, 174, 179, 181, 184, 187, 190] SFF
	 M 12:  [7, 16, 135, 171, 182] SSZ
      FSS-FFF-SZS-SSZ-SFF-ZFF
      1302 - [05^, 11!, 16!, 18, 39] 1^ 2!
      [3, 4, 6, 9, 51] Score = 4

10 => [1051, Wed, May, 10, 2023]
	   12:  [5, 12, 13, 25, 36, 45, 50, 55, 57, 58, 65, 77, 86, 90, 99, 111, 115, 127, 152, 162, 168, 179, 182, 183] FSF
	   13:  [11, 13, 17, 33, 43, 48, 64, 67, 69, 82, 88, 94, 95, 97, 101, 105, 108, 109, 111, 119, 123, 139, 154, 165, 168, 181] TFF
	   33:  [8, 29, 48, 61, 64, 81, 92, 94, 113, 119, 120, 138, 145, 161, 173] SZZ
	   40:  [26, 32, 33, 51, 52, 74, 84, 110, 112, 114, 128, 158, 164, 182, 187] ZSF
	   43:  [5, 8, 18, 22, 38, 39, 44, 54, 60, 62, 69, 73, 80, 85, 91, 98, 100, 116, 121, 135, 142, 143, 154, 163, 165, 166, 176, 184] FFS
	 M 26:  [2, 12, 60, 70, 125, 131, 147, 149] FSZ
      FSZ-FSF-FFS-SZZ-TFF-ZSF
      1390 - [12, 13, 33, 40!, 43] 1!
      [4, 4, 7, 10, 25] Score = 4

11 => [1050, Sat, May, 06, 2023]
	   07:  [3, 11, 21, 30, 31, 33, 53, 67, 73, 74, 83, 112, 122, 130, 133, 146, 148, 155, 171, 173, 175] FSS
	   17:  [1, 5, 6, 19, 29, 39, 41, 50, 60, 72, 86, 111, 114, 118, 120, 133, 139, 151, 155, 156, 158, 167, 176, 180] FFF
	   21:  [1, 11, 25, 27, 31, 33, 52, 64, 77, 81, 96, 100, 104, 106, 108, 119, 131, 143, 151, 163, 164, 177, 180, 181] FST
	   29:  [17, 21, 28, 80, 104, 109, 140, 141, 142, 176] ZFS
	   42:  [4, 12, 30, 36, 38, 39, 47, 52, 67, 71, 76, 85, 88, 91, 95, 97, 98, 99, 105, 113, 121, 128, 136, 138, 140, 144, 153, 154] FSZ
	 M 22:  [24, 27, 31, 34, 40, 56, 95, 137, 150] ZFF
      FFF-FST-FSS-FSZ-ZFS-ZFF
      1554 - [07^, 17!, 21!, 29, 42!] 1^ 3!
      [0, 0, 2, 3, 16] Score = 4

12 => [1049, Wed, May, 03, 2023]
	   17:  [4, 5, 18, 28, 38, 40, 49, 59, 71, 85, 110, 113, 117, 119, 132, 138, 150, 154, 155, 157, 166, 175, 179] FFT
	   20:  [6, 8, 12, 14, 17, 23, 26, 28, 35, 69, 84, 103, 104, 112, 128, 138, 142, 145, 150, 155, 159, 169, 181, 184] SFF
	   21:  [10, 24, 26, 30, 32, 51, 63, 76, 80, 95, 99, 103, 105, 107, 118, 130, 142, 150, 162, 163, 176, 179, 180] STF
	   24:  [19, 25, 31, 47, 53, 68, 69, 70, 78, 81, 90, 92, 112, 116, 125, 184] ZSS
	   44:  [18, 32, 45, 47, 50, 61, 68, 72, 82, 89, 102, 112, 121, 127, 128, 132, 133, 148, 152, 161, 171, 177] ZTT
	 M 26:  [10, 58, 68, 123, 129, 145, 147] SZS
      FFT-SFF-STF-SZS-ZTT-ZSS
      1002 - [17, 20^, 21^, 24, 44!] 2^ 1!
      [3, 5, 9, 17, 18] Score = 4

13 => [1048, Sat, Apr, 29, 2023]
	   06:  [13, 24, 32, 34, 43, 49, 52, 62, 63, 100, 114, 121, 122, 131, 144, 145, 147, 156, 164, 167, 174, 175] TTS
	   16:  [6, 12, 14, 23, 24, 28, 31, 33, 41, 47, 54, 56, 61, 63, 69, 70, 81, 113, 121, 141, 165, 182] SSF
	   27:  [11, 16, 17, 38, 88, 94, 103, 133, 148, 150, 154, 157, 184] TFF
	   46:  [1, 4, 7, 8, 31, 32, 48, 53, 63, 64, 87, 102, 104, 117, 132, 133, 145, 146, 153, 159, 164, 186] FFF
	   47:  [10, 19, 21, 44, 53, 64, 80, 97, 98, 107, 129, 133, 135, 139, 155, 170, 175, 176, 179, 186] SSF
	 M 09:  [8, 23, 27, 43, 55, 61, 63, 70, 74, 91, 98, 99, 106, 143, 149, 154] STF
      FFF-SSF-STF-SSF-TFF-TTS
      1682 - [06!, 16^, 27, 46, 47] 1^ 1!
      [0, 5, 9, 10, 12] Score = 5

14 => [1047, Wed, Apr, 26, 2023]
	   04:  [5, 9, 15, 17, 29, 31, 32, 37, 41, 44, 85, 91, 113, 121, 144, 166, 170, 180] FFS
	   07:  [8, 18, 27, 28, 30, 50, 64, 70, 71, 80, 109, 119, 127, 130, 143, 145, 152, 168, 170, 172] SSS
	   11:  [2, 4, 7, 20, 31, 34, 37, 38, 41, 57, 74, 77, 78, 85, 89, 91, 104, 117, 140, 145, 147, 150, 153, 171, 184] FFF
	   23:  [34, 36, 59, 61, 74, 83, 104, 125, 144, 171] ZFZ
	   46:  [3, 6, 7, 30, 31, 47, 52, 62, 63, 86, 101, 103, 116, 131, 132, 144, 145, 152, 158, 163, 185] FFF
	 M 08:  [34, 59, 67, 101, 120, 168, 183] ZZS
      FFF-FFF-FFS-SSS-ZFZ-ZZS
      1158 - [04!, 07^, 11, 23, 46!] 1^ 2!
      [1, 2, 4, 7, 33] Score = 5

15 => [1046, Sat, Apr, 22, 2023]
	   12:  [7, 8, 20, 31, 40, 45, 50, 52, 53, 60, 72, 81, 85, 94, 106, 110, 122, 147, 157, 163, 174, 177, 178] SFT
	   22:  [16, 26, 32, 38, 41, 55, 58, 70, 104, 128, 136, 160, 162, 163, 174, 175] ZSS
	   41:  [9, 25, 31, 37, 71, 78, 83, 91, 110, 113, 117, 120, 134, 143, 165, 184] SZS
	   42:  [8, 26, 32, 34, 35, 43, 48, 63, 67, 72, 81, 84, 87, 91, 93, 94, 95, 101, 109, 117, 124, 132, 134, 136, 140, 149, 150] SZS
	   43:  [3, 13, 17, 33, 34, 39, 49, 55, 57, 64, 68, 75, 80, 86, 93, 95, 111, 116, 130, 137, 138, 149, 158, 160, 161, 171, 179] FSF
	 M 18:  [4, 71, 84, 102, 140] FZT
      FSF-FZT-SFT-SZS-SZS-ZSS
      1318 - [12, 22!, 41, 42^, 43!] 1^ 2!
      [2, 6, 7, 8, 15] Score = 5

16 => [1045, Wed, Apr, 19, 2023]
	   03:  [17, 26, 34, 35, 46, 47, 57, 72, 85, 93, 101, 102, 109, 121, 165] ZSS
	   09:  [5, 6, 10, 13, 14, 22, 31, 41, 48, 55, 56, 61, 70, 91, 93, 94, 100, 127, 134, 137, 140, 169, 174, 177] FFF
	   11:  [2, 5, 18, 29, 32, 35, 36, 39, 55, 72, 75, 76, 83, 87, 89, 102, 115, 138, 143, 145, 148, 151, 169, 182] FFT
	   17:  [1, 14, 24, 34, 36, 45, 55, 67, 81, 106, 109, 113, 115, 128, 134, 146, 150, 151, 153, 162, 171, 175] FTS
	   18:  [30, 37, 40, 69, 87, 126, 178, 179] ZSF
	 M 12:  [9, 128, 164, 175] SZZ
      FTS-FFT-FFF-SZZ-ZSS-ZSF
      1252 - [03, 09^, 11!, 17!, 18] 1^ 2!
      [0, 1, 4, 16, 29] Score = 3

17 => [1044, Sat, Apr, 15, 2023]
	   17:  [13, 23, 33, 35, 44, 54, 66, 80, 105, 108, 112, 114, 127, 133, 145, 149, 150, 152, 161, 170, 174] TSS
	   30:  [9, 21, 31, 32, 53, 64, 77, 96, 112, 118, 120, 135, 155, 159, 162, 168, 170, 178, 181] STS
	   31:  [22, 24, 28, 49, 56, 119, 125, 127, 144, 154] ZFF
	   36:  [8, 10, 16, 21, 22, 54, 58, 59, 79, 96, 103, 115, 116, 120, 121, 128, 144, 148, 156, 164, 172, 177, 181] SFS
	   46:  [3, 4, 27, 28, 44, 49, 59, 60, 83, 98, 100, 113, 128, 129, 141, 142, 149, 155, 160, 182] FFZ
	 M 01:  [6, 44, 47, 48, 60, 84, 125, 158, 159] SZF
      FFZ-SZF-SFS-STS-TSS-ZFF
      1316 - [17, 30, 31, 36^, 46] 1^
      [2, 7, 8, 12, 21] Score = 5

18 => [1043, Wed, Apr, 12, 2023]
	   11:  [3, 16, 27, 30, 33, 34, 37, 53, 70, 73, 74, 81, 85, 87, 100, 113, 136, 141, 143, 146, 149, 167, 180] FTT
	   20:  [2, 6, 8, 11, 17, 20, 22, 29, 63, 78, 97, 98, 106, 122, 132, 136, 139, 144, 149, 153, 163, 175, 178] FFF
	   32:  [13, 36, 40, 41, 88, 110, 118, 152, 157, 159, 161, 177, 178] TZF
	   33:  [21, 40, 53, 56, 73, 84, 86, 105, 111, 112, 130, 137, 153, 165] ZZT
	   43:  [10, 14, 30, 31, 36, 46, 52, 54, 61, 65, 72, 77, 83, 90, 92, 108, 113, 127, 134, 135, 146, 155, 157, 158, 168, 176] SFZ
	 M 15:  [48, 82, 85, 147] ZZF
      FFF-FTT-SFZ-TZF-ZZT-ZZF
      1494 - [11!, 20^, 32, 33, 43!] 1^ 2!
      [1, 2, 9, 12, 20] Score = 5

19 => [1142, Sat, Apr, 08, 2023]
	   02:  [2, 14, 16, 21, 30, 42, 53, 60, 63, 67, 72, 73, 74, 76, 78, 84, 93, 101, 104, 116, 120, 130, 131, 144, 151, 153, 157, 160, 169, 172, 174] FTF
	   04:  [4, 10, 12, 24, 26, 27, 32, 36, 39, 80, 86, 108, 116, 139, 161, 165, 175] FSF
	   16:  [6, 8, 17, 18, 22, 25, 27, 35, 41, 48, 50, 55, 57, 63, 64, 75, 107, 115, 135, 159, 176] SFS
	   37:  [5, 21, 49, 95, 104, 110, 121, 136, 149, 150, 155, 157] FZZ
	   39:  [1, 3, 17, 32, 45, 61, 70, 78, 82, 84, 89, 92, 100, 121, 129, 137, 161, 164, 169, 171, 174, 177, 180] FFT
	 M 18:  [67, 80, 98, 136] ZTZ
      FFT-FTF-FSF-FZZ-SFS-ZTZ
      1520 - [02!, 04^, 16^, 37, 39] 2^ 1!
      [0, 1, 3, 4, 5] Score = 3

20 => [1041, Wed, Apr, 05, 2023]
	   20:  [4, 6, 9, 15, 18, 20, 27, 61, 76, 95, 96, 104, 120, 130, 134, 137, 142, 147, 151, 161, 173, 176] FFF
	   26:  [34, 36, 48, 69, 75, 85, 88, 92, 106, 127, 134, 135, 150, 160] ZFT
	   35:  [7, 12, 17, 32, 49, 61, 69, 75, 82, 97, 101, 107, 120, 128, 135, 143, 153, 159, 176] SFF
	   39:  [2, 16, 31, 44, 60, 69, 77, 81, 83, 88, 91, 99, 120, 128, 136, 160, 163, 168, 170, 173, 176, 179] FTT
	   46:  [1, 24, 25, 41, 46, 56, 57, 80, 95, 97, 110, 125, 126, 138, 139, 146, 152, 157, 179] FZF
	 M 02:  [23, 85, 120, 125, 131, 164, 170] ZZZ
      FZF-FTT-FFF-SFF-ZZZ-ZFT
      1534 - [20^, 26, 35, 39, 46] 1^
      [0, 1, 3, 6, 33] Score = 4

21 => [1140, Sat, Apr, 01, 2023]
	   02:  [12, 14, 19, 28, 40, 51, 58, 61, 65, 70, 71, 72, 74, 76, 82, 91, 99, 102, 114, 118, 128, 129, 142, 149, 151, 155, 158, 167, 170, 172] TFF
	   09:  [1, 5, 8, 9, 17, 26, 36, 43, 50, 51, 56, 65, 86, 88, 89, 95, 122, 129, 132, 135, 164, 169, 172] FFF
	   11:  [13, 24, 27, 30, 31, 34, 50, 67, 70, 71, 78, 82, 84, 97, 110, 133, 138, 140, 143, 146, 164, 177] TTF
	   13:  [2, 6, 22, 32, 37, 53, 56, 58, 71, 77, 83, 84, 86, 90, 94, 97, 98, 100, 108, 112, 128, 143, 154, 157, 170] FFZ
	   46:  [23, 24, 40, 45, 55, 56, 79, 94, 96, 109, 124, 125, 137, 138, 145, 151, 156, 178] ZFZ
	 M 09:  [15, 19, 35, 47, 53, 55, 62, 66, 83, 90, 91, 98, 135, 141, 146] TFZ
      FFF-FFZ-TFF-TTF-TFZ-ZFZ
      1032 - [02, 09^, 11^, 13, 46] 2^
      [0, 1, 11, 12, 22] Score = 3

22 => [1039, Wed, Mar, 29, 2023]
	   07:  [10, 19, 20, 22, 42, 56, 62, 63, 72, 101, 111, 119, 122, 135, 137, 144, 160, 162, 164] SSF
	   09:  [4, 7, 8, 16, 25, 35, 42, 49, 50, 55, 64, 85, 87, 88, 94, 121, 128, 131, 134, 163, 168, 171] FFF
	   12:  [1, 13, 24, 33, 38, 43, 45, 46, 53, 65, 74, 78, 87, 99, 103, 115, 140, 150, 156, 167, 170, 171] FTT
	   21:  [14, 16, 20, 22, 41, 53, 66, 70, 85, 89, 93, 95, 97, 108, 120, 132, 140, 152, 153, 166, 169, 170] TFF
	   39:  [14, 29, 42, 58, 67, 75, 79, 81, 86, 89, 97, 118, 126, 134, 158, 161, 166, 168, 171, 174, 177] TTT
	 M 26:  [48, 58, 113, 119, 135, 137] ZSZ
      FTT-FFF-SSF-TFF-TTT-ZSZ
      1346 - [07, 09!, 12, 21, 39] 1!
      [0, 3, 9, 13, 13] Score = 5

23 => [1138, Sat, Mar, 25, 2023]
	   04:  [6, 8, 20, 22, 23, 28, 32, 35, 76, 82, 104, 112, 135, 157, 161, 171] SFT
	   12:  [12, 23, 32, 37, 42, 44, 45, 52, 64, 73, 77, 86, 98, 102, 114, 139, 149, 155, 166, 169, 170] TTS
	   13:  [4, 20, 30, 35, 51, 54, 56, 69, 75, 81, 82, 84, 88, 92, 95, 96, 98, 106, 110, 126, 141, 152, 155, 168] FZS
	   42:  [18, 24, 26, 27, 35, 40, 55, 59, 64, 73, 76, 79, 83, 85, 86, 87, 93, 101, 109, 116, 124, 126, 128, 132, 141, 142] ZSF
	   47:  [9, 11, 34, 43, 54, 70, 87, 88, 97, 119, 123, 125, 129, 145, 160, 165, 166, 169, 176] SFZ
	 M 01:  [38, 41, 42, 54, 78, 119, 152, 153] ZFF
      FZS-SFT-SFZ-TTS-ZSF-ZFF
      1168 - [04^, 12!, 13, 42^, 47] 2^ 1!
      [3, 5, 8, 11, 17] Score = 5

24 => [1037, Wed, Mar, 22, 2023]
	   15:  [4, 7, 10, 13, 31, 39, 60, 75, 85, 93, 112, 117, 141, 142, 144, 145, 155, 162] FFF
	   20:  [2, 5, 11, 14, 16, 23, 57, 72, 91, 92, 100, 116, 126, 130, 133, 138, 143, 147, 157, 169, 172] FFS
	   27:  [5, 6, 27, 77, 83, 92, 122, 137, 139, 143, 146, 173] FFZ
	   37:  [16, 44, 90, 99, 105, 116, 131, 144, 145, 150, 152] ZZZ
	   41:  [16, 22, 28, 62, 69, 74, 82, 101, 104, 108, 111, 125, 134, 156, 175] ZSS
	 M 16:  [33, 55, 70, 109, 140] ZZT
      FFS-FFF-FFZ-ZZZ-ZSS-ZZT
      1924 - [15, 20^, 27, 37, 41] 1^
      [1, 3, 4, 15, 15] Score = 4

25 => [1136, Sat, Mar, 18, 2023]
	   08:  [14, 32, 37, 41, 42, 43, 47, 52, 53, 67, 79, 86, 89, 97, 113, 121, 128, 131, 167] TZF
	   10:  [9, 18, 44, 59, 65, 68, 73, 78, 87, 97, 98, 101, 111, 114, 116, 118, 123, 132, 135, 140, 161, 173] SSZ
	   16:  [2, 11, 12, 16, 19, 21, 29, 35, 42, 44, 49, 51, 57, 58, 69, 101, 109, 129, 153, 170] FSF
	   19:  [10, 28, 40, 57, 64, 71, 72, 75, 94, 106, 107, 109, 131, 134, 166, 172, 173] SZT
	   36:  [2, 8, 13, 14, 46, 50, 51, 71, 88, 95, 107, 108, 112, 113, 120, 136, 140, 148, 156, 164, 169, 173] FSF
	 M 12:  [119, 155, 166] ???
      FSF-FSF-SSZ-SZT-TZF-???
      1426 - [08^, 10, 16^, 19, 36] 2^
      [1, 1, 8, 9, 13] Score = 4

26 => [1035, Wed, Mar, 15, 2023]
	   06:  [11, 19, 21, 30, 36, 39, 49, 50, 87, 101, 108, 109, 118, 131, 132, 134, 143, 151, 154, 161, 162] TSF
	   09:  [3, 4, 12, 21, 31, 38, 45, 46, 51, 60, 81, 83, 84, 90, 117, 124, 127, 130, 159, 164, 167] FFS
	   20:  [3, 9, 12, 14, 21, 55, 70, 89, 90, 98, 114, 124, 128, 131, 136, 141, 145, 155, 167, 170] FSF
	   28:  [2, 22, 34, 39, 46, 48, 52, 54, 63, 65, 101, 104, 115, 137, 156] FZT
	   30:  [12, 22, 23, 44, 55, 68, 87, 103, 109, 111, 126, 146, 150, 153, 159, 161, 169, 172] TSF
	 M 06:  [23, 63, 111, 152] ZZZ
      FZT-FFS-FSF-TSF-TSF-ZZZ
      1176 - [06!, 09!, 20^, 28, 30] 1^ 2!
      [1, 2, 2, 10, 11] Score = 4

27 => [1034, Sat, Mar, 11, 2023]
	   13:  [16, 26, 31, 47, 50, 52, 65, 71, 77, 78, 80, 84, 88, 91, 92, 94, 102, 106, 122, 137, 148, 151, 164] ZSF
	   16:  [9, 10, 14, 17, 19, 27, 33, 40, 42, 47, 49, 55, 56, 67, 99, 107, 127, 151, 168] SFF
	   35:  [5, 10, 25, 42, 54, 62, 68, 75, 90, 94, 100, 113, 121, 128, 136, 146, 152, 169] FFT
	   36:  [6, 11, 12, 44, 48, 49, 69, 86, 93, 105, 106, 110, 111, 118, 134, 138, 146, 154, 162, 167, 171] SFF
	   38:  [6, 7, 26, 27, 36, 58, 59, 71, 73, 75, 83, 85, 101, 107, 111, 145, 149, 156, 157, 163, 168] SFZ
	 M 25:  [32, 109, 154, 169] ZZZ
      FFT-SFF-SFZ-SFF-ZSF-ZZZ
      1288 - [13, 16^, 35, 36, 38!] 1^ 1!
      [4, 5, 5, 8, 15] Score = 4

28 => [1033, Wed, Mar, 08, 2023]
	   14:  [24, 36, 39, 40, 48, 67, 93, 94, 99, 103, 106, 131, 134, 140, 141, 146, 166] ZTF
	   15:  [3, 6, 9, 27, 35, 56, 71, 81, 89, 108, 113, 137, 138, 140, 141, 151, 158] FFF
	   28:  [20, 32, 37, 44, 46, 50, 52, 61, 63, 99, 102, 113, 135, 154] ZTF
	   29:  [4, 11, 63, 87, 92, 123, 124, 125, 159] FSZ
	   43:  [4, 20, 21, 26, 36, 42, 44, 51, 55, 62, 67, 73, 80, 82, 98, 103, 117, 124, 125, 136, 145, 147, 148, 158, 166] FZF
	 M 11:  [25, 41, 92, 95, 97, 164] ZZZ
      FFF-FSZ-FZF-ZTF-ZTF-ZZZ
      1464 - [14!, 15, 28!, 29, 43!] 3!
      [2, 3, 3, 19, 23] Score = 4

29 => [1032, Sat, Mar, 04, 2023]
	   04:  [2, 14, 16, 17, 22, 26, 29, 70, 76, 98, 106, 129, 151, 155, 165] FTF
	   09:  [1, 9, 18, 28, 35, 42, 43, 48, 57, 78, 80, 81, 87, 114, 121, 124, 127, 156, 161, 164] FSS
	   20:  [6, 9, 11, 18, 52, 67, 86, 87, 95, 111, 121, 125, 128, 133, 138, 142, 152, 164, 167] SFF
	   27:  [1, 22, 72, 78, 87, 117, 132, 134, 138, 141, 168] FZZ
	   34:  [6, 7, 13, 20, 27, 30, 40, 41, 50, 69, 77, 84, 85, 89, 103, 112, 114, 118, 131, 138, 148] SFS
	 M 17:  [80, 81, 87, 95, 100] ZFS
      FSS-FZZ-FTF-SFF-SFS-ZFS
      1494 - [04^, 09, 20, 27, 34^] 2^
      [0, 0, 1, 5, 5] Score = 3

30 => [1031, Wed, Mar, 01, 2023]
	   01:  [20, 27, 29, 48, 55, 57, 60, 76, 108, 117, 121, 122, 131, 143, 144, 152, 167, 169] ZSF
	   09:  [8, 17, 27, 34, 41, 42, 47, 56, 77, 79, 80, 86, 113, 120, 123, 126, 155, 160, 163] SSS
	   17:  [10, 20, 22, 31, 41, 53, 67, 92, 95, 99, 101, 114, 120, 132, 136, 137, 139, 148, 157, 161] SSF
	   27:  [21, 71, 77, 86, 116, 131, 133, 137, 140, 167] ZZS
	   44:  [14, 27, 29, 32, 43, 50, 54, 64, 71, 84, 94, 103, 109, 110, 114, 115, 130, 134, 143, 153, 159] TTF
	 M 07:  [1, 4, 14, 41, 45, 120, 136, 156, 168] FFS
      FFS-SSS-SSF-TTF-ZSF-ZZS
      1660 - [01, 09!, 17, 27, 44!] 2!
      [7, 9, 13, 19, 20] Score = 4

31 => [1030, Sat, Feb, 25, 2023]
	   04:  [12, 14, 15, 20, 24, 27, 68, 74, 96, 104, 127, 149, 153, 163] TFF
	   15:  [3, 6, 24, 32, 53, 68, 78, 86, 105, 110, 134, 135, 137, 138, 148, 155] FFZ
	   22:  [10, 16, 22, 25, 39, 42, 54, 88, 112, 120, 144, 146, 147, 158, 159] SSS
	   24:  [6, 12, 28, 34, 49, 50, 51, 59, 62, 71, 73, 93, 97, 106, 165] SSZ
	   32:  [23, 27, 28, 75, 97, 105, 139, 144, 146, 148, 164, 165] ZFF
	 M 07:  [3, 13, 40, 44, 119, 135, 155, 167] FSZ
      FFZ-FSZ-SSZ-SSS-TFF-ZFF
      1756 - [04^, 15, 22, 24, 32] 1^
      [2, 5, 9, 11, 22] Score = 5

32 => [1029, Wed, Feb, 22, 2023]
	   07:  [9, 10, 12, 32, 46, 52, 53, 62, 91, 101, 109, 112, 125, 127, 134, 150, 152, 154] SFF
	   29:  [7, 59, 83, 88, 119, 120, 121, 155] SZZ
	   35:  [5, 20, 37, 49, 57, 63, 70, 85, 89, 95, 108, 116, 123, 131, 141, 147, 164] FTZ
	   43:  [16, 17, 22, 32, 38, 40, 47, 51, 58, 63, 69, 76, 78, 94, 99, 113, 120, 121, 132, 141, 143, 144, 154, 162] ZFF
	   47:  [2, 25, 34, 45, 61, 78, 79, 88, 110, 114, 116, 120, 136, 151, 156, 157, 160, 167] FZS
	 M 23:  [28, 76, 86, 96, 142, 147, 167] ZZS
      FZS-FTZ-SZZ-SFF-ZFF-ZZS
      2002 - [07, 29, 35, 43!, 47] 1!
      [1, 4, 6, 8, 15] Score = 5

33 => [1028, Sat, Feb, 18, 2023]
	   02:  [2, 7, 16, 28, 39, 46, 49, 53, 58, 59, 60, 62, 64, 70, 79, 87, 90, 102, 106, 116, 117, 130, 137, 139, 143, 146, 155, 158, 160] FFS
	   03:  [9, 17, 18, 29, 30, 40, 55, 68, 76, 84, 85, 92, 104, 148] SSF
	   36:  [5, 6, 38, 42, 43, 63, 80, 87, 99, 100, 104, 105, 112, 128, 132, 140, 148, 156, 161, 165] FFZ
	   38:  [1, 20, 21, 30, 52, 53, 65, 67, 69, 77, 79, 95, 101, 105, 139, 143, 150, 151, 157, 162] FZF
	   45:  [22, 27, 41, 50, 54, 55, 74, 79, 81, 97, 109, 114, 130, 133, 138, 148, 149, 152, 153, 154, 157] ZFT
	 M 24:  [13, 22, 30, 49, 93, 113] TSS
      FZF-FFS-FFZ-SSF-TSS-ZFT
      1322 - [02, 03^, 36, 38, 45] 1^
      [0, 1, 4, 8, 21] Score = 4

34 => [1027, Wed, Feb, 15, 2023]
	   10:  [9, 35, 50, 56, 59, 64, 69, 78, 88, 89, 92, 102, 105, 107, 109, 114, 123, 126, 131, 152, 164] SZT
	   11:  [11, 14, 17, 18, 21, 37, 54, 57, 58, 65, 69, 71, 84, 97, 120, 125, 127, 130, 133, 151, 164] TFF
	   15:  [3, 21, 29, 50, 65, 75, 83, 102, 107, 131, 132, 134, 135, 145, 152] FZS
	   38:  [19, 20, 29, 51, 52, 64, 66, 68, 76, 78, 94, 100, 104, 138, 142, 149, 150, 156, 161] ZFS
	   47:  [23, 32, 43, 59, 76, 77, 86, 108, 112, 114, 118, 134, 149, 154, 155, 158, 165] ZST
	 M 07:  [10, 37, 41, 116, 132, 152, 164] SZF
      FZS-SZT-SZF-TFF-ZFS-ZST
      1552 - [10, 11^, 15, 38, 47] 1^
      [2, 8, 10, 18, 22] Score = 4

35 => [1026, Sat, Feb, 11, 2023]
	   02:  [5, 14, 26, 37, 44, 47, 51, 56, 57, 58, 60, 62, 68, 77, 85, 88, 100, 104, 114, 115, 128, 135, 137, 141, 144, 153, 156, 158] FST
	   12:  [11, 20, 25, 30, 32, 33, 40, 52, 61, 65, 74, 86, 90, 102, 127, 137, 143, 154, 157, 158] TSF
	   19:  [18, 30, 47, 54, 61, 62, 65, 84, 96, 97, 99, 121, 124, 156, 162, 163] ZTZ
	   20:  [3, 5, 12, 46, 61, 80, 81, 89, 105, 115, 119, 122, 127, 132, 136, 146, 158, 161] FFS
	   34:  [1, 7, 14, 21, 24, 34, 35, 44, 63, 71, 78, 79, 83, 97, 106, 108, 112, 125, 132, 142] FSS
	 M 22:  [3, 7, 10, 16, 32, 71, 113, 126] FFF
      FSS-FFS-FFF-FST-TSF-ZTZ
      1368 - [02, 12^, 19, 20, 34^] 2^
      [0, 2, 4, 10, 17] Score = 5

36 => [1025, Wed, Feb, 08, 2023]
	   16:  [1, 5, 8, 10, 18, 24, 31, 33, 38, 40, 46, 47, 58, 90, 98, 118, 142, 159] FFF
	   21:  [2, 6, 8, 27, 39, 52, 56, 71, 75, 79, 81, 83, 94, 106, 118, 126, 138, 139, 152, 155, 156] FFF
	   34:  [6, 13, 20, 23, 33, 34, 43, 62, 70, 77, 78, 82, 96, 105, 107, 111, 124, 131, 141] SSS
	   39:  [15, 28, 44, 53, 61, 65, 67, 72, 75, 83, 104, 112, 120, 144, 147, 152, 154, 157, 160, 163] TTZ
	   40:  [6, 7, 25, 26, 48, 58, 84, 86, 88, 102, 132, 138, 156, 161] SFZ
	 M 09:  [4, 20, 32, 38, 40, 47, 51, 68, 75, 76, 83, 120, 126, 131] FZT
      FFF-FFF-FZT-SSS-SFZ-TTZ
      1324 - [16^, 21, 34!, 39, 40] 1^ 1!
      [0, 1, 5, 5, 14] Score = 4

37 => [1024, Sat, Feb, 04, 2023]
	   06:  [8, 10, 19, 25, 28, 38, 39, 76, 90, 97, 98, 107, 120, 121, 123, 132, 140, 143, 150, 151] SFS
	   15:  [18, 26, 47, 62, 72, 80, 99, 104, 128, 129, 131, 132, 142, 149] ZSZ
	   16:  [4, 7, 9, 17, 23, 30, 32, 37, 39, 45, 46, 57, 89, 97, 117, 141, 158] FFF
	   24:  [6, 22, 28, 43, 44, 45, 53, 56, 65, 67, 87, 91, 100, 159] SZS
	   35:  [15, 32, 44, 52, 58, 65, 80, 84, 90, 103, 111, 118, 126, 136, 142, 159] TZT
	 M 14:  [13, 35, 51, 157] TZZ
      FFF-SZS-SFS-TZZ-TZT-ZSZ
      1262 - [06^, 15, 16^, 24, 35] 2^
      [3, 5, 7, 14, 17] Score = 5

38 => [1023, Wed, Feb, 01, 2023]
	   09:  [9, 19, 26, 33, 34, 39, 48, 69, 71, 72, 78, 105, 112, 115, 118, 147, 152, 155] SSS
	   20:  [2, 9, 43, 58, 77, 78, 86, 102, 112, 116, 119, 124, 129, 133, 143, 155, 158] FSZ
	   21:  [4, 6, 25, 37, 50, 54, 69, 73, 77, 79, 81, 92, 104, 116, 124, 136, 137, 150, 153, 154] FFZ
	   30:  [10, 11, 32, 43, 56, 75, 91, 97, 99, 114, 134, 138, 141, 147, 149, 157, 160] SFZ
	   36:  [1, 33, 37, 38, 58, 75, 82, 94, 95, 99, 100, 107, 123, 127, 135, 143, 151, 156, 160] FZF
	 M 22:  [4, 7, 13, 29, 68, 110, 123] FFS
      FZF-FSZ-FFZ-FFS-SSS-SFZ
      1798 - [09!, 20, 21, 30, 36] 1!
      [0, 1, 3, 8, 9] Score = 4

39 => [1022, Sat, Jan, 28, 2023]
	   08:  [18, 23, 27, 28, 29, 33, 38, 39, 53, 65, 72, 75, 83, 99, 107, 114, 117, 153] ZFF
	   29:  [52, 76, 81, 112, 113, 114, 148] ZZF
	   31:  [2, 6, 27, 34, 97, 103, 105, 122, 132] FFZ
	   33:  [19, 32, 35, 52, 63, 65, 84, 90, 91, 109, 116, 132, 144] ZTF
	   36:  [32, 36, 37, 57, 74, 81, 93, 94, 98, 99, 106, 122, 126, 134, 142, 150, 155, 159] ZFF
	 M 04:  [15, 46, 63, 88, 119, 129, 131] TZZ
      FFZ-TZZ-ZFF-ZTF-ZFF-ZZF
      2188 - [08^, 29, 31, 33, 36] 1^
      [1, 17, 18, 31, 51] Score = 2

40 => [1021, Wed, Jan, 25, 2023]
	   02:  [9, 21, 32, 39, 42, 46, 51, 52, 53, 55, 57, 63, 72, 80, 83, 95, 99, 109, 110, 123, 130, 132, 136, 139, 148, 151, 153] STT
	   17:  [10, 12, 21, 31, 43, 57, 82, 85, 89, 91, 104, 110, 122, 126, 127, 129, 138, 147, 151] SFS
	   20:  [7, 41, 56, 75, 76, 84, 100, 110, 114, 117, 122, 127, 131, 141, 153, 156] SZT
	   37:  [28, 74, 83, 89, 100, 115, 128, 129, 134, 136] ZZS
	   41:  [6, 12, 46, 53, 58, 66, 85, 88, 92, 95, 109, 118, 140, 159] SSZ
	 M 09:  [16, 28, 34, 36, 43, 47, 64, 71, 72, 79, 116, 122, 127] ZTS
      SSZ-SZT-STT-SFS-ZTS-ZZS
      1700 - [02!, 17, 20, 37, 41] 1!
      [5, 6, 8, 9, 27] Score = 4

41 => [1020, Sat, Jan, 21, 2023]
	   07:  [1, 3, 23, 37, 43, 44, 53, 82, 92, 100, 103, 116, 118, 125, 141, 143, 145] FFZ
	   16:  [3, 5, 13, 19, 26, 28, 33, 35, 41, 42, 53, 85, 93, 113, 137, 154] FFS
	   22:  [6, 12, 15, 29, 32, 44, 78, 102, 110, 134, 136, 137, 148, 149] SSF
	   31:  [4, 25, 32, 95, 101, 103, 120, 130] FZS
	   42:  [6, 8, 9, 17, 22, 37, 41, 46, 55, 58, 61, 65, 67, 68, 69, 75, 83, 91, 98, 106, 108, 110, 114, 123, 124] SFF
	 M 21:  [51, 57, 130] ???
      FFZ-FFS-FZS-SSF-SFF-???
      1516 - [07, 16!, 22!, 31, 42^] 1^ 2!
      [0, 2, 3, 5, 5] Score = 3

42 => [1019, Wed, Jan, 18, 2023]
	   03:  [8, 9, 20, 21, 31, 46, 59, 67, 75, 76, 83, 95, 139] SFT
	   07:  [2, 22, 36, 42, 43, 52, 81, 91, 99, 102, 115, 117, 124, 140, 142, 144] FZT
	   21:  [2, 21, 33, 46, 50, 65, 69, 73, 75, 77, 88, 100, 112, 120, 132, 133, 146, 149, 150] FZT
	   34:  [7, 14, 17, 27, 28, 37, 56, 64, 71, 72, 76, 90, 99, 101, 105, 118, 125, 135] SSF
	   40:  [1, 19, 20, 42, 52, 78, 80, 82, 96, 126, 132, 150, 155] FZF
	 M 22:  [3, 9, 25, 64, 106, 119] FSZ
      FZF-FZT-FZT-FSZ-SSF-SFT
      1222 - [03!, 07!, 21, 34^, 40] 1^ 2!
      [0, 1, 1, 6, 7] Score = 3

43 => [1018, Sat, Jan, 14, 2023]
	   04:  [2, 3, 8, 12, 15, 56, 62, 84, 92, 115, 137, 141, 151] FFF
	   10:  [26, 41, 47, 50, 55, 60, 69, 79, 80, 83, 93, 96, 98, 100, 105, 114, 117, 122, 143, 155] ZTS
	   13:  [10, 15, 31, 34, 36, 49, 55, 61, 62, 64, 68, 72, 75, 76, 78, 86, 90, 106, 121, 132, 135, 148] SFZ
	   24:  [16, 22, 37, 38, 39, 47, 50, 59, 61, 81, 85, 94, 153] ZST
	   40:  [18, 19, 41, 51, 77, 79, 81, 95, 125, 131, 149, 154] ZFZ
	 M 02:  [62, 97, 102, 108, 141, 147] ZZF
      FFF-SFZ-ZST-ZFZ-ZTS-ZZF
      1178 - [04^, 10, 13!, 24!, 40] 1^ 2!
      [1, 9, 15, 17, 25] Score = 3

44 => [1017, Wed, Jan, 11, 2023]
	   07:  [20, 34, 40, 41, 50, 79, 89, 97, 100, 113, 115, 122, 138, 140, 142] ZTS
	   16:  [2, 10, 16, 23, 25, 30, 32, 38, 39, 50, 82, 90, 110, 134, 151] FSS
	   21:  [19, 31, 44, 48, 63, 67, 71, 73, 75, 86, 98, 110, 118, 130, 131, 144, 147, 148] ZTT
	   44:  [13, 15, 18, 29, 36, 40, 50, 57, 70, 80, 89, 95, 96, 100, 101, 116, 120, 129, 139, 145] TFF
	   46:  [1, 17, 22, 32, 33, 56, 71, 73, 86, 101, 102, 114, 115, 122, 128, 133, 155] FZF
	 M 07:  [27, 31, 106, 122, 142, 154] ZFZ
      FZF-FSS-TFF-ZTT-ZTS-ZFZ
      1120 - [07, 16^, 21, 44, 46!] 1^ 1!
      [0, 1, 12, 18, 19] Score = 3

45 => [1016, Sat, Jan, 07, 2023]
	   04:  [1, 6, 10, 13, 54, 60, 82, 90, 113, 135, 139, 149] FFF
	   06:  [2, 11, 17, 20, 30, 31, 68, 82, 89, 90, 99, 112, 113, 115, 124, 132, 135, 142, 143] FSS
	   11:  [3, 6, 7, 10, 26, 43, 46, 47, 54, 58, 60, 73, 86, 109, 114, 116, 119, 122, 140, 153] FFF
	   31:  [21, 28, 91, 97, 99, 116, 126] ZSZ
	   46:  [16, 21, 31, 32, 55, 70, 72, 85, 100, 101, 113, 114, 121, 127, 132, 154] ZFS
	 M 22:  [6, 22, 61, 103, 116] SZZ
      FFF-FSS-FFF-SZZ-ZFS-ZSZ
      1754 - [04, 06!, 11!, 31, 46] 2!
      [0, 1, 2, 15, 20] Score = 3

46 => [1015, Wed, Jan, 04, 2023]
	   04:  [5, 9, 12, 53, 59, 81, 89, 112, 134, 138, 148] FFF
	   16:  [8, 14, 21, 23, 28, 30, 36, 37, 48, 80, 88, 108, 132, 149] SSS
	   18:  [7, 10, 39, 57, 96, 148, 149] SFZ
	   41:  [6, 40, 47, 52, 60, 79, 82, 86, 89, 103, 112, 134, 153] SZS
	   12:  [9, 14, 19, 21, 22, 29, 41, 50, 54, 63, 75, 79, 91, 116, 126, 132, 143, 146, 147] SFF
	 M 24:  [9, 17, 36, 80, 100] SSZ
      FFF-SZS-SFZ-SSS-SFF-SSZ
      1718 - [04, 16^, 18, 41, 12^] 2^
      [4, 5, 6, 7, 8] Score = 3

47 => [1014, Sat, Dec, 31, 2022]
	   06:  [9, 15, 18, 28, 29, 66, 80, 87, 88, 97, 110, 111, 113, 122, 130, 133, 140, 141] SSF
	   09:  [10, 17, 24, 25, 30, 39, 60, 62, 63, 69, 96, 103, 106, 109, 138, 143, 146] SSS
	   20:  [34, 49, 68, 69, 77, 93, 103, 107, 110, 115, 120, 124, 134, 146, 149] ZTZ
	   22:  [6, 9, 23, 26, 38, 72, 96, 104, 128, 130, 131, 142, 143] SFT
	   42:  [2, 3, 11, 16, 31, 35, 40, 49, 52, 55, 59, 61, 62, 63, 69, 77, 85, 92, 100, 102, 104, 108, 117, 118] FFS
	 M 03:  [5, 44, 49, 66, 67, 85, 105, 116, 122, 126, 130, 141] FZF
      FFS-FZF-SFT-SSF-SSS-ZTZ
      1126 - [06^, 09^, 20, 22, 42] 2^
      [1, 5, 8, 9, 33] Score = 5

48 => [1013, Wed, Dec, 28, 2022]
	   11:  [3, 4, 7, 23, 40, 43, 44, 51, 55, 57, 70, 83, 106, 111, 113, 116, 119, 137, 150] FFF
	   23:  [2, 25, 27, 40, 49, 70, 91, 110, 137] FZF
	   28:  [12, 17, 24, 26, 30, 32, 41, 43, 79, 82, 93, 115, 134] TFS
	   30:  [1, 22, 33, 46, 65, 81, 87, 89, 104, 124, 128, 131, 137, 139, 147, 150] FZT
	   43:  [1, 6, 16, 22, 24, 31, 35, 42, 47, 53, 60, 62, 78, 83, 97, 104, 105, 116, 125, 127, 128, 138, 146] FFS
	 M 08:  [25, 33, 67, 86, 134, 149] ZSZ
      FZT-FFS-FZF-FFF-TFS-ZSZ
      1366 - [11, 23, 28^, 30, 43^] 2^
      [0, 0, 1, 2, 11] Score = 3

49 => [1012, Sat, Dec, 24, 2022]
	   02:  [12, 23, 30, 33, 37, 42, 43, 44, 46, 48, 54, 63, 71, 74, 86, 90, 100, 101, 114, 121, 123, 127, 130, 139, 142, 144] TTS
	   30:  [21, 32, 45, 64, 80, 86, 88, 103, 123, 127, 130, 136, 138, 146, 149] ZTT
	   34:  [7, 10, 20, 21, 30, 49, 57, 64, 65, 69, 83, 92, 94, 98, 111, 118, 128] SFS
	   42:  [1, 9, 14, 29, 33, 38, 47, 50, 53, 57, 59, 60, 61, 67, 75, 83, 90, 98, 100, 102, 106, 115, 116] FSF
	   43:  [5, 15, 21, 23, 30, 34, 41, 46, 52, 59, 61, 77, 82, 96, 103, 104, 115, 124, 126, 127, 137, 145] FSS
	 M 06:  [40, 88, 129] ???
      FSF-FSS-SFS-TTS-ZTT-???
      1230 - [02!, 30, 34!, 42!, 43!] 4!
      [0, 4, 6, 11, 20] Score = 5

50 => [1011, Wed, Dec, 21, 2022]
	   01:  [7, 9, 28, 35, 37, 40, 56, 88, 97, 101, 102, 111, 123, 124, 132, 147, 149] SFZ
	   03:  [1, 12, 13, 23, 38, 51, 59, 67, 68, 75, 87, 131] FTF
	   17:  [2, 11, 21, 33, 47, 72, 75, 79, 81, 94, 100, 112, 116, 117, 119, 128, 137, 141] FSS
	   23:  [23, 25, 38, 47, 68, 89, 108, 135] ZFT
	   42:  [8, 13, 28, 32, 37, 46, 49, 52, 56, 58, 59, 60, 66, 74, 82, 89, 97, 99, 101, 105, 114, 115] SFT
	 M 14:  [22, 38, 144] ???
      FTF-FSS-SFZ-SFT-???-ZFT
      1452 - [01!, 03, 17, 23, 42!] 2!
      [0, 1, 6, 7, 22] Score = 4

51 => [1010, Sat, Dec, 17, 2022]
	   03:  [11, 12, 22, 37, 50, 58, 66, 67, 74, 86, 130] TFS
	   04:  [4, 7, 48, 54, 76, 84, 107, 129, 133, 143] FFZ
	   11:  [1, 4, 20, 37, 40, 41, 48, 52, 54, 67, 80, 103, 108, 110, 113, 116, 134, 147] FFZ
	   27:  [50, 56, 65, 95, 110, 112, 116, 119, 146] ZSS
	   39:  [13, 29, 38, 46, 50, 52, 57, 60, 68, 89, 97, 105, 129, 132, 137, 139, 142, 145, 148] TZS
	 M 22:  [16, 55, 97, 110] ZZZ
      FFZ-FFZ-TFS-TZS-ZZZ-ZSS
      1962 - [03, 04, 11, 27, 39]
      [0, 3, 10, 12, 49] Score = 4

52 => [1009, Wed, Dec, 14, 2022]
	   11:  [3, 19, 36, 39, 40, 47, 51, 53, 66, 79, 102, 107, 109, 112, 115, 133, 146] FZZ
	   14:  [12, 15, 16, 24, 43, 69, 70, 75, 79, 82, 107, 110, 116, 117, 122, 142] TFF
	   17:  [9, 19, 31, 45, 70, 73, 77, 79, 92, 98, 110, 114, 115, 117, 126, 135, 139] SST
	   35:  [17, 29, 37, 43, 50, 65, 69, 75, 88, 96, 103, 111, 121, 127, 144] ZTS
	   41:  [34, 41, 46, 54, 73, 76, 80, 83, 97, 106, 128, 147] ZSF
	 M 03:  [39, 44, 61, 62, 80, 100, 111, 117, 121, 125, 136] ZFZ
      FZZ-SST-TFF-ZTS-ZSF-ZFZ
      1622 - [11!, 14, 17, 35, 41] 1!
      [2, 8, 11, 16, 33] Score = 4

53 => [1008, Sat, Dec, 10, 2022]
	   13:  [5, 21, 24, 26, 39, 45, 51, 52, 54, 58, 62, 65, 66, 68, 76, 80, 96, 111, 122, 125, 138] FZF
	   18:  [3, 32, 50, 89, 141, 142] FZZ
	   19:  [12, 29, 36, 43, 44, 47, 66, 78, 79, 81, 103, 106, 138, 144, 145] TZS
	   22:  [3, 17, 20, 32, 66, 90, 98, 122, 124, 125, 136, 137] FTF
	   38:  [1, 10, 32, 33, 45, 47, 49, 57, 59, 75, 81, 85, 119, 123, 130, 131, 137, 142] FSZ
	 M 11:  [16, 67, 70, 72, 139] ZZF
      FSZ-FZZ-FTF-FZF-TZS-ZZF
      2314 - [13, 18, 19!, 22, 38] 1!
      [0, 2, 2, 4, 11] Score = 4

54 => [1007, Wed, Dec, 07, 2022]
	   16:  [6, 13, 15, 20, 22, 28, 29, 40, 72, 80, 100, 124, 141] SSF
	   26:  [2, 14, 35, 41, 51, 54, 58, 72, 93, 100, 101, 116, 126] FTZ
	   32:  [4, 5, 52, 74, 82, 116, 121, 123, 125, 141, 142] FFZ
	   38:  [9, 31, 32, 44, 46, 48, 56, 58, 74, 80, 84, 118, 122, 129, 130, 136, 141] SZF
	   43:  [10, 16, 18, 25, 29, 36, 41, 47, 54, 56, 72, 77, 91, 98, 99, 110, 119, 121, 122, 132, 140] SSF
	 M 04:  [31, 48, 73, 104, 114, 116] ZZZ
      FTZ-FFZ-SSF-SZF-SSF-ZZZ
      1368 - [16^, 26, 32, 38, 43^] 2^
      [1, 3, 5, 8, 9] Score = 5

55 => [1006, Sat, Dec, 03, 2022]
	   04:  [3, 44, 50, 72, 80, 103, 125, 129, 139] FZS
	   11:  [16, 33, 36, 37, 44, 48, 50, 63, 76, 99, 104, 106, 109, 112, 130, 143] ZZF
	   12:  [5, 10, 12, 13, 20, 32, 41, 45, 54, 66, 70, 82, 107, 117, 123, 134, 137, 138] FFF
	   15:  [8, 29, 44, 54, 62, 81, 86, 110, 111, 113, 114, 124, 131] SZT
	   45:  [5, 19, 28, 32, 33, 52, 57, 59, 75, 87, 92, 108, 111, 116, 126, 127, 130, 131, 132, 135] FTS
	 M 24:  [8, 27, 71, 91] SZZ
      FZS-FFF-FTS-SZT-SZZ-ZZF
      1290 - [04, 11!, 12^, 15, 45!] 1^ 2!
      [2, 4, 4, 7, 15] Score = 5

56 => [1005, Wed, Nov, 30, 2022]
	   06:  [6, 9, 19, 20, 57, 71, 78, 79, 88, 101, 102, 104, 113, 121, 124, 131, 132] SFS
	   18:  [29, 47, 86, 138, 139] ZZZ
	   22:  [14, 17, 29, 63, 87, 95, 119, 121, 122, 133, 134] TFT
	   26:  [12, 33, 39, 49, 52, 56, 70, 91, 98, 99, 114, 124] TZS
	   34:  [3, 13, 14, 23, 42, 50, 57, 58, 62, 76, 85, 87, 91, 104, 111, 121] FSF
	 M 09:  [12, 18, 20, 27, 31, 48, 55, 56, 63, 100, 106, 111] TSF
      FSF-SFS-TZS-TSF-TFT-ZZZ
      2444 - [06, 18, 22, 26, 34]
      [2, 5, 11, 13, 28] Score = 4

57 => [1004, Sat, Nov, 26, 2022]
	   01:  [2, 21, 28, 30, 33, 49, 81, 90, 94, 95, 104, 116, 117, 125, 140, 142] FZS
	   08:  [5, 9, 10, 11, 15, 20, 21, 35, 47, 54, 57, 65, 81, 89, 96, 99, 135] FFF
	   09:  [7, 14, 15, 20, 29, 50, 52, 53, 59, 86, 93, 96, 99, 128, 133, 136] SSF
	   44:  [2, 5, 16, 23, 27, 37, 44, 57, 67, 76, 82, 83, 87, 88, 103, 107, 116, 126, 132] FFT
	   47:  [9, 20, 36, 53, 54, 63, 85, 89, 91, 95, 111, 126, 131, 132, 135, 142] STZ
	 M 16:  [22, 37, 76, 107] ZTZ
      FZS-FFT-FFF-SSF-STZ-ZTZ
      908 - [01!, 08^, 09!, 44!, 47] 1^ 3!
      [1, 1, 4, 6, 8] Score = 4

58 => [1003, Wed, Nov, 23, 2022]
	   04:  [41, 47, 69, 77, 100, 122, 126, 136] ZSZ
	   13:  [16, 19, 21, 34, 40, 46, 47, 49, 53, 57, 60, 61, 63, 71, 75, 91, 106, 117, 120, 133] ZFF
	   32:  [1, 48, 70, 78, 112, 117, 119, 121, 137, 138] FZZ
	   33:  [13, 16, 33, 44, 46, 65, 71, 72, 90, 97, 113, 125] TFZ
	   42:  [5, 20, 24, 29, 38, 41, 44, 48, 50, 51, 52, 58, 66, 74, 81, 89, 91, 93, 97, 106, 107] FTF
	 M 19:  [4, 64, 114] ???
      FZZ-???-FTF-TFZ-ZFF-ZSZ
      1950 - [04, 13!, 32, 33, 42!] 2!
      [0, 4, 12, 15, 40] Score = 4

59 => [1002, Sat, Nov, 19, 2022]
	   01:  [19, 26, 28, 31, 47, 79, 88, 92, 93, 102, 114, 115, 123, 138, 140] ZSF
	   24:  [6, 21, 22, 23, 31, 34, 43, 45, 65, 69, 78, 137] STF
	   32:  [47, 69, 77, 111, 116, 118, 120, 136, 137] ZZS
	   34:  [10, 11, 20, 39, 47, 54, 55, 59, 73, 82, 84, 88, 101, 108, 118] SFS
	   44:  [3, 14, 21, 25, 35, 42, 55, 65, 74, 80, 81, 85, 86, 101, 105, 114, 124, 130] FTS
	 M 25:  [77, 122, 137] ???
      FTS-STF-SFS-ZSF-ZZS-???
      1514 - [01, 24^, 32, 34, 44!] 1^ 1!
      [2, 5, 9, 18, 46] Score = 4

60 => [1001, Wed, Nov, 16, 2022]
	   12:  [5, 7, 8, 15, 27, 36, 40, 49, 61, 65, 77, 102, 112, 118, 129, 132, 133] FFF
	   16:  [7, 9, 14, 16, 22, 23, 34, 66, 74, 94, 118, 135] SFF
	   25:  [19, 20, 21, 23, 26, 27, 30, 39, 40, 44, 45, 48, 53, 61, 68, 83, 85, 86, 89, 90, 97, 105, 110, 124] ZFF
	   28:  [5, 12, 14, 18, 20, 29, 31, 67, 70, 81, 103, 122] FSF
	   45:  [14, 23, 27, 28, 47, 52, 54, 70, 82, 87, 103, 106, 111, 121, 122, 125, 126, 127, 130] TSF
	 M 23:  [48, 58, 68, 114, 119, 139] ZSS
      FFF-FSF-SFF-TSF-ZFF-ZSS
      810 - [12!, 16^, 25^, 28^, 45] 3^ 1!
      [4, 4, 6, 13, 18] Score = 4

61 => [1000, Sat, Nov, 12, 2022]
	   02:  [11, 18, 21, 25, 30, 31, 32, 34, 36, 42, 51, 59, 62, 74, 78, 88, 89, 102, 109, 111, 115, 118, 127, 130, 132] TSF
	   05:  [5, 6, 8, 9, 55, 64, 65, 72, 75, 90, 92, 95, 99, 110, 120, 121, 123, 136] FFF
	   17:  [10, 22, 36, 61, 64, 68, 70, 83, 89, 101, 105, 106, 108, 117, 126, 130] STT
	   40:  [1, 23, 33, 59, 61, 63, 77, 107, 113, 131, 136] FZS
	   46:  [5, 15, 16, 39, 54, 56, 69, 84, 85, 97, 98, 105, 111, 116, 138] FSF
	 M 01:  [3, 4, 16, 40, 81, 114, 115] FFT
      FZS-FFT-FFF-FSF-STT-TSF
      1794 - [02^, 05, 17, 40, 46] 1^
      [0, 4, 4, 9, 10] Score = 5

62 => [999, Wed, Nov, 09, 2022]
	   03:  [1, 11, 26, 39, 47, 55, 56, 63, 75, 119] FST
	   06:  [3, 13, 14, 51, 65, 72, 73, 82, 95, 96, 98, 107, 115, 118, 125, 126] FSF
	   08:  [4, 5, 6, 10, 15, 16, 30, 42, 49, 52, 60, 76, 84, 91, 94, 130] FFF
	   40:  [22, 32, 58, 60, 62, 76, 106, 112, 130, 135] ZSZ
	   44:  [11, 18, 22, 32, 39, 52, 62, 71, 77, 78, 82, 83, 98, 102, 111, 121, 127] TSF
	 M 19:  [60, 110] ???
      FST-FSF-FFF-TSF-ZSZ-???
      1404 - [03, 06, 08^, 40, 44!] 1^ 1!
      [0, 2, 3, 10, 21] Score = 5

63 => [998, Sat, Nov, 05, 2022]
	   03:  [10, 25, 38, 46, 54, 55, 62, 74, 118] STT
	   15:  [21, 36, 46, 54, 73, 78, 102, 103, 105, 106, 116, 123] ZTS
	   21:  [12, 25, 29, 44, 48, 52, 54, 56, 67, 79, 91, 99, 111, 112, 125, 128, 129] TTF
	   38:  [22, 23, 35, 37, 39, 47, 49, 65, 71, 75, 109, 113, 120, 121, 127, 132] ZFT
	   42:  [15, 19, 24, 33, 36, 39, 43, 45, 46, 47, 53, 61, 69, 76, 84, 86, 88, 92, 101, 102] TFF
	 M 24:  [19, 63, 83] ???
      STT-TTF-TFF-???-ZTS-ZFT
      1312 - [03, 15, 21, 38^, 42^] 2^
      [9, 11, 14, 20, 21] Score = 3 (+MEGA)

64 => [997, Wed, Nov, 02, 2022]
	   07:  [14, 20, 21, 30, 59, 69, 77, 80, 93, 95, 102, 118, 120, 122] TSF
	   09:  [7, 8, 13, 22, 43, 45, 46, 52, 79, 86, 89, 92, 121, 126, 129] SFF
	   14:  [3, 4, 12, 31, 57, 58, 63, 67, 70, 95, 98, 104, 105, 110, 130] FFS
	   39:  [16, 25, 33, 37, 39, 44, 47, 55, 76, 84, 92, 116, 119, 124, 126, 129, 132, 135] ZSS
	   43:  [6, 8, 15, 19, 26, 31, 37, 44, 46, 62, 67, 81, 88, 89, 100, 109, 111, 112, 122, 130] SFS
	 M 01:  [1, 13, 37, 78, 111, 112] FTZ
      FTZ-FFS-SFS-SFF-TSF-ZSS
      1552 - [07, 09, 14, 39^, 43^] 2^
      [2, 5, 6, 13, 15] Score = 5

65 => [996, Sat, Oct, 29, 2022]
	   06:  [10, 11, 48, 62, 69, 70, 79, 92, 93, 95, 104, 112, 115, 122, 123] SFZ
	   12:  [2, 3, 10, 22, 31, 35, 44, 56, 60, 72, 97, 107, 113, 124, 127, 128] FFS
	   19:  [17, 24, 31, 32, 35, 54, 66, 67, 69, 91, 94, 126, 132, 133] ZSS
	   24:  [15, 16, 17, 25, 28, 37, 39, 59, 63, 72, 131] TFF
	   28:  [7, 9, 13, 15, 24, 26, 62, 65, 76, 98, 117] SFF
	 M 01:  [12, 36, 77, 110, 111] TZZ
      FFS-SFF-SFZ-TZZ-TFF-ZSS
      1092 - [06, 12!, 19^, 24^, 28^] 3^ 1!
      [1, 6, 9, 14, 16] Score = 5

66 => [995, Wed, Oct, 26, 2022]
	   05:  [1, 3, 4, 50, 59, 60, 67, 70, 85, 87, 90, 94, 105, 115, 116, 118, 131] FFF
	   08:  [1, 2, 6, 11, 12, 26, 38, 45, 48, 56, 72, 80, 87, 90, 126] FFF
	   31:  [7, 70, 76, 78, 95, 105] SZS
	   46:  [10, 11, 34, 49, 51, 64, 79, 80, 92, 93, 100, 106, 111, 133] SFZ
	   47:  [11, 27, 44, 45, 54, 76, 80, 82, 86, 102, 117, 122, 123, 126, 133] TZZ
	 M 15:  [34, 37, 99] ???
      FFF-FFF-SZS-SFZ-TZZ-???
      1630 - [05, 08^, 31, 46, 47] 1^
      [0, 0, 6, 9, 10] Score = 4

67 => [994, Sat, Oct, 22, 2022]
	   05:  [2, 3, 49, 58, 59, 66, 69, 84, 86, 89, 93, 104, 114, 115, 117, 130] FFZ
	   08:  [1, 5, 10, 11, 25, 37, 44, 47, 55, 71, 79, 86, 89, 125] FFF
	   12:  [1, 8, 20, 29, 33, 42, 54, 58, 70, 95, 105, 111, 122, 125, 126] FST
	   14:  [1, 9, 28, 54, 55, 60, 64, 67, 92, 95, 101, 102, 107, 127] FSZ
	   16:  [2, 7, 9, 15, 16, 27, 59, 67, 87, 111, 128] FFF
	 M 22:  [39, 81, 94] ???
      FFF-FST-FSZ-FFZ-FFF-???
      1236 - [05, 08!, 12!, 14, 16^] 1^ 2!
      [0, 0, 0, 1, 1] Score = 1

68 => [993, Wed, Oct, 19, 2022]
	   08:  [4, 9, 10, 24, 36, 43, 46, 54, 70, 78, 85, 88, 124] FFF
	   12:  [7, 19, 28, 32, 41, 53, 57, 69, 94, 104, 110, 121, 124, 125] STS
	   14:  [8, 27, 53, 54, 59, 63, 66, 91, 94, 100, 101, 106, 126] SZZ
	   26:  [21, 27, 37, 40, 44, 58, 79, 86, 87, 102, 112] ZSS
	   37:  [46, 55, 61, 72, 87, 100, 101, 106, 108] ZSS
	 M 09:  [6, 8, 15, 19, 36, 43, 44, 51, 88, 94, 99] SFS
      FFF-SFS-STS-SZZ-ZSS-ZSS
      1402 - [08, 12!, 14, 26!, 37] 2!
      [3, 6, 7, 20, 45] Score = 4

69 => [992, Sat, Oct, 15, 2022]
	   05:  [1, 47, 56, 57, 64, 67, 82, 84, 87, 91, 102, 112, 113, 115, 128] FZS
	   10:  [15, 21, 24, 29, 34, 43, 53, 54, 57, 67, 70, 72, 74, 79, 88, 91, 96, 117, 129] TSF
	   16:  [5, 7, 13, 14, 25, 57, 65, 85, 109, 126] FFS
	   34:  [1, 10, 29, 37, 44, 45, 49, 63, 72, 74, 78, 91, 98, 108] FSZ
	   35:  [12, 20, 26, 33, 48, 52, 58, 71, 79, 86, 94, 104, 110, 127] TSS
	 M 11:  [51, 54, 56, 123] ZFF
      FZS-FSZ-FFS-TSS-TSF-ZFF
      1236 - [05, 10^, 16!, 34, 35] 1^ 1!
      [0, 0, 4, 11, 14] Score = 4

70 => [991, Wed, Oct, 12, 2022]
	   05:  [46, 55, 56, 63, 66, 81, 83, 86, 90, 101, 111, 112, 114, 127] ZSF
	   22:  [3, 15, 49, 73, 81, 105, 107, 108, 119, 120] FTZ
	   30:  [11, 24, 43, 59, 65, 67, 82, 102, 106, 109, 115, 117, 125, 128] TTZ
	   34:  [9, 28, 36, 43, 44, 48, 62, 71, 73, 77, 90, 97, 107] SZS
	   43:  [2, 9, 13, 20, 25, 31, 38, 40, 56, 61, 75, 82, 83, 94, 103, 105, 106, 116, 124] FSF
	 M 26:  [10, 65, 71, 87, 89] SZS
      FSF-FTZ-SZS-SZS-TTZ-ZSF
      1496 - [05!, 22, 30, 34!, 43^] 1^ 2!
      [1, 2, 8, 10, 45] Score = 4

71 => [990, Sat, Oct, 08, 2022]
	   09:  [1, 6, 15, 36, 38, 39, 45, 72, 79, 82, 85, 114, 119, 122] FFS
	   11:  [17, 20, 21, 28, 32, 34, 47, 60, 83, 88, 90, 93, 96, 114, 127] ZFF
	   17:  [12, 26, 51, 54, 58, 60, 73, 79, 91, 95, 96, 98, 107, 116, 120] TTZ
	   33:  [3, 20, 31, 33, 52, 58, 59, 77, 84, 100, 112] FZT
	   36:  [4, 5, 25, 42, 49, 61, 62, 66, 67, 74, 90, 94, 102, 110, 118, 123, 127] FFZ
	 M 07:  [4, 79, 95, 115, 127] FZZ
      FFS-FZT-FFZ-FZZ-TTZ-ZFF
      1390 - [09, 11^, 17, 33, 36] 1^
      [0, 2, 3, 11, 16] Score = 5

72 => [989, Wed, Oct, 05, 2022]
	   02:  [7, 10, 14, 19, 20, 21, 23, 25, 31, 40, 48, 51, 63, 67, 77, 78, 91, 98, 100, 104, 107, 116, 119, 121] SFF
	   08:  [5, 6, 20, 32, 39, 42, 50, 66, 74, 81, 84, 120] FFT
	   09:  [5, 14, 35, 37, 38, 44, 71, 78, 81, 84, 113, 118, 121] FSZ
	   28:  [2, 6, 8, 17, 19, 55, 58, 69, 91, 110] FFF
	   43:  [7, 11, 18, 23, 29, 36, 38, 54, 59, 73, 80, 81, 92, 101, 103, 104, 114, 122] SFS
	 M 14:  [16, 122] ???
      FFF-FFT-FSZ-SFF-SFS-???
      858 - [02^, 08, 09!, 28^, 43!] 2^ 2!
      [1, 4, 4, 6, 6] Score = 4

73 => [988, Sat, Oct, 01, 2022]
	   03:  [15, 28, 36, 44, 45, 52, 64, 108] TTS
	   22:  [12, 46, 70, 78, 102, 104, 105, 116, 117] TZZ
	   23:  [2, 15, 24, 45, 66, 85, 112] FTS
	   31:  [63, 69, 71, 88, 98] ZSF
	   44:  [7, 11, 21, 28, 41, 51, 60, 66, 67, 71, 72, 87, 91, 100, 110, 116] SFS
	 M 08:  [8, 42, 61, 109, 124] SZZ
      FTS-SFS-SZZ-TZZ-TTS-ZSF
      1974 - [03!, 22, 23, 31, 44] 1!
      [1, 6, 11, 14, 62] Score = 4

74 => [987, Wed, Sep, 28, 2022]
	   13:  [3, 5, 18, 24, 30, 31, 33, 37, 41, 44, 45, 47, 55, 59, 75, 90, 101, 104, 117] FFT
	   16:  [2, 8, 9, 20, 52, 60, 80, 104, 121] FSF
	   28:  [4, 6, 15, 17, 53, 56, 67, 89, 108] FFS
	   33:  [17, 28, 30, 49, 55, 56, 74, 81, 97, 109] ZTF
	   45:  [9, 13, 14, 33, 38, 40, 56, 68, 73, 89, 92, 97, 107, 108, 111, 112, 113, 116] SFF
	 M 09:  [2, 9, 13, 30, 37, 38, 45, 82, 88, 93] FSF
      FSF-FSF-FFT-FFS-SFF-ZTF
      1632 - [13!, 16, 28, 33, 45!] 2!
      [1, 2, 3, 8, 16] Score = 5

75 => [986, Sat, Sep, 24, 2022]
	   06:  [1, 38, 52, 59, 60, 69, 82, 83, 85, 94, 102, 105, 112, 113] FZT
	   12:  [12, 21, 25, 34, 46, 50, 62, 87, 97, 103, 114, 117, 118] TSF
	   21:  [13, 17, 32, 36, 40, 42, 44, 55, 67, 79, 87, 99, 100, 113, 116, 117] TFT
	   23:  [13, 22, 43, 64, 83, 110] TSZ
	   36:  [1, 21, 38, 45, 57, 58, 62, 63, 70, 86, 90, 98, 106, 114, 119, 123] FZZ
	 M 07:  [75, 91, 111, 123] ZZZ
      FZT-FZZ-TSF-TFT-TSZ-ZZZ
      1686 - [06, 12, 21!, 23, 36] 1!
      [0, 0, 11, 12, 12] Score = 3

76 => [985, Wed, Sep, 21, 2022]
	   06:  [37, 51, 58, 59, 68, 81, 82, 84, 93, 101, 104, 111, 112] ZTS
	   14:  [19, 45, 46, 51, 55, 58, 83, 86, 92, 93, 98, 118] ZZF
	   16:  [6, 7, 18, 50, 58, 78, 102, 119] SFT
	   36:  [20, 37, 44, 56, 57, 61, 62, 69, 85, 89, 97, 105, 113, 118, 122] ZZS
	   46:  [1, 24, 39, 41, 54, 69, 70, 82, 83, 90, 96, 101, 123] FZT
	 M 09:  [7, 11, 28, 35, 36, 43, 80, 86, 91] SFZ
      FZT-SFT-SFZ-ZZF-ZZS-ZTS
      1502 - [06, 14!, 16, 36, 46] 1!
      [0, 5, 18, 19, 36] Score = 3

77 => [984, Sat, Sep, 17, 2022]
	   08:  [1, 15, 27, 34, 37, 45, 61, 69, 76, 79, 115] FTT
	   09:  [9, 30, 32, 33, 39, 66, 73, 76, 79, 108, 113, 116] SZF
	   13:  [2, 15, 21, 27, 28, 30, 34, 38, 41, 42, 44, 52, 56, 72, 87, 98, 101, 114] FTS
	   46:  [23, 38, 40, 53, 68, 69, 81, 82, 89, 95, 100, 122] ZTF
	   47:  [16, 33, 34, 43, 65, 69, 71, 75, 91, 106, 111, 112, 115, 122] ZZF
	 M 01:  [24, 65, 98, 99] ZZZ
      FTT-FTS-SZF-ZZF-ZTF-ZZZ
      1318 - [08!, 09!, 13^, 46, 47] 1^ 2!
      [0, 1, 8, 15, 22] Score = 3

78 => [983, Wed, Sep, 14, 2022]
	   01:  [7, 9, 12, 28, 60, 69, 73, 74, 83, 95, 96, 104, 119, 121] SFF
	   07:  [6, 7, 16, 45, 55, 63, 66, 79, 81, 88, 104, 106, 108] SFS
	   08:  [14, 26, 33, 36, 44, 60, 68, 75, 78, 114] TTS
	   28:  [2, 11, 13, 49, 52, 63, 85, 104] FSF
	   42:  [4, 9, 18, 21, 24, 28, 30, 31, 32, 38, 46, 54, 61, 69, 71, 73, 77, 86, 87] FFS
	 M 13:  [43, 53] ???
      FSF-FFS-SFS-SFF-TTS-???
      1618 - [01, 07, 08!, 28, 42^] 1^ 1!
      [1, 3, 5, 6, 13] Score = 5

79 => [982, Sat, Sep, 10, 2022]
	   02:  [3, 7, 12, 13, 14, 16, 18, 24, 33, 41, 44, 56, 60, 70, 71, 84, 91, 93, 97, 100, 109, 112, 114] FFF
	   13:  [13, 19, 25, 26, 28, 32, 36, 39, 40, 42, 50, 54, 70, 85, 96, 99, 112] TSS
	   25:  [1, 2, 4, 7, 8, 11, 20, 21, 25, 26, 29, 34, 42, 49, 64, 66, 67, 70, 71, 78, 86, 91, 105] FFF
	   34:  [19, 27, 34, 35, 39, 53, 62, 64, 68, 81, 88, 98] ZSS
	   43:  [4, 11, 16, 22, 29, 31, 47, 52, 66, 73, 74, 85, 94, 96, 97, 107, 115] FSF
	 M 16:  [15, 54, 85] ???
      FFF-FFF-FSF-TSS-???-ZSS
      580 - [02^, 13^, 25^, 34!, 43!] 3^ 2!
      [0, 2, 3, 12, 18] Score = 5

80 => [981, Wed, Sep, 07, 2022]
	   24:  [1, 2, 10, 13, 22, 24, 44, 48, 57, 116] FFS
	   25:  [1, 3, 6, 7, 10, 19, 20, 24, 25, 28, 33, 41, 48, 63, 65, 66, 69, 70, 77, 85, 90, 104] FFF
	   28:  [9, 11, 47, 50, 61, 83, 102] SFZ
	   39:  [9, 17, 21, 23, 28, 31, 39, 60, 68, 76, 100, 103, 108, 110, 113, 116, 119] SSF
	   44:  [4, 14, 21, 34, 44, 53, 59, 60, 64, 65, 80, 84, 93, 103, 109] FSS
	 M 26:  [55, 61, 77, 79] ZSZ
      FFS-FFF-FSS-SFZ-SSF-ZSZ
      1044 - [24!, 25^, 28, 39^, 44] 2^ 1!
      [0, 0, 3, 8, 8] Score = 4

81 => [980, Sat, Sep, 03, 2022]
	   20:  [15, 34, 35, 43, 59, 69, 73, 76, 81, 86, 90, 100, 112, 115] TZF
	   24:  [1, 9, 12, 21, 23, 43, 47, 56, 115] FSF
	   25:  [2, 5, 6, 9, 18, 19, 23, 24, 27, 32, 40, 47, 62, 64, 65, 68, 69, 76, 84, 89, 103] FFF
	   30:  [13, 32, 48, 54, 56, 71, 91, 95, 98, 104, 106, 114, 117] TZZ
	   35:  [8, 14, 21, 36, 40, 46, 59, 67, 74, 82, 92, 98, 115] SSS
	 M 08:  [34, 53, 101, 116] ZZZ
      FSF-FFF-SSS-TZZ-TZF-ZZZ
      1124 - [20, 24^, 25^, 30, 35] 2^
      [0, 1, 7, 12, 14] Score = 4

82 => [979, Wed, Aug, 31, 2022]
	   02:  [4, 9, 10, 11, 13, 15, 21, 30, 38, 41, 53, 57, 67, 68, 81, 88, 90, 94, 97, 106, 109, 111] FFF
	   16:  [1, 12, 44, 52, 72, 96, 113] FTZ
	   19:  [7, 14, 15, 18, 37, 49, 50, 52, 74, 77, 109, 115, 116] SSF
	   24:  [8, 11, 20, 22, 42, 46, 55, 114] SFS
	   42:  [5, 14, 17, 20, 24, 26, 27, 28, 34, 42, 50, 57, 65, 67, 69, 73, 82, 83] FSF
	 M 24:  [44, 64] ???
      FTZ-FFF-FSF-SSF-SFS-???
      1252 - [02^, 16, 19, 24, 42^] 2^
      [0, 3, 4, 6, 7] Score = 4

83 => [978, Sat, Aug, 27, 2022]
	   16:  [11, 43, 51, 71, 95, 112] TZS
	   17:  [14, 39, 42, 46, 48, 61, 67, 79, 83, 84, 86, 95, 104, 108] TZF
	   25:  [3, 4, 7, 16, 17, 21, 22, 25, 30, 38, 45, 60, 62, 63, 66, 67, 74, 82, 87, 101] FFF
	   43:  [7, 12, 18, 25, 27, 43, 48, 62, 69, 70, 81, 90, 92, 93, 103, 111] SFS
	   45:  [4, 5, 24, 29, 31, 47, 59, 64, 80, 83, 88, 98, 99, 102, 103, 104, 107] FFZ
	 M 09:  [4, 21, 28, 29, 36, 73, 79, 84] FZS
      FFF-FFZ-FZS-SFS-TZS-TZF
      1238 - [16, 17!, 25^, 43^, 45!] 2^ 2!
      [2, 3, 6, 10, 13] Score = 5

84 => [977, Wed, Aug, 24, 2022]
	   07:  [1, 10, 39, 49, 57, 60, 73, 75, 82, 98, 100, 102] FSZ
	   10:  [6, 9, 14, 19, 28, 38, 39, 42, 52, 55, 57, 59, 64, 73, 76, 81, 102, 114] SFF
	   15:  [15, 25, 33, 52, 57, 81, 82, 84, 85, 95, 102] TSS
	   40:  [10, 36, 38, 40, 54, 84, 90, 108, 113] SZF
	   44:  [10, 17, 30, 40, 49, 55, 56, 60, 61, 76, 80, 89, 99, 105] SST
	 M 05:  [6, 13, 23, 46, 70, 101, 103, 109, 111] SSS
      FSZ-SFF-SSS-SZF-SST-TSS
      1464 - [07, 10!, 15, 40, 44] 1!
      [0, 5, 9, 9, 14] Score = 5

85 => [976, Sat, Aug, 20, 2022]
	   01:  [2, 5, 21, 53, 62, 66, 67, 76, 88, 89, 97, 112, 114] FFZ
	   07:  [9, 38, 48, 56, 59, 72, 74, 81, 97, 99, 101] SZS
	   18:  [18, 57, 109, 110] ZZZ
	   22:  [34, 58, 66, 90, 92, 93, 104, 105] ZZS
	   38:  [1, 13, 15, 17, 25, 27, 43, 49, 53, 87, 91, 98, 99, 105, 110] FTF
	 M 04:  [17, 42, 73, 83, 85] ZZZ
      FTF-FFZ-SZS-ZZZ-ZZZ-ZZS
      100730 - [01, 07, 18, 22, 38^] 1^
      [0, 1, 8, 17, 33] Score = 3 (+MEGA)

86 => [975, Wed, Aug, 17, 2022]
	   02:  [5, 6, 7, 9, 11, 17, 26, 34, 37, 49, 53, 63, 64, 77, 84, 86, 90, 93, 102, 105, 107] FFF
	   09:  [21, 23, 24, 30, 57, 64, 67, 70, 99, 104, 107] ZFF
	   25:  [1, 4, 13, 14, 18, 19, 22, 27, 35, 42, 57, 59, 60, 63, 64, 71, 79, 84, 98] FFS
	   38:  [12, 14, 16, 24, 26, 42, 48, 52, 86, 90, 97, 98, 104, 109] TFF
	   41:  [7, 12, 20, 39, 42, 46, 49, 63, 72, 94, 113] SFS
	 M 18:  [13, 31, 69] ???
      FFS-FFF-SFS-TFF-???-ZFF
      938 - [02^, 09, 25^, 38^, 41] 3^
      [0, 4, 6, 11, 20] Score = 5

87 => [974, Sat, Aug, 13, 2022]
	   01:  [3, 19, 51, 60, 64, 65, 74, 86, 87, 95, 110, 112] FZZ
	   12:  [9, 13, 22, 34, 38, 50, 75, 85, 91, 102, 105, 106] SFS
	   25:  [3, 12, 13, 17, 18, 21, 26, 34, 41, 56, 58, 59, 62, 63, 70, 78, 83, 97] FSF
	   42:  [9, 12, 15, 19, 21, 22, 23, 29, 37, 45, 52, 60, 62, 64, 68, 77, 78] SFF
	   45:  [1, 20, 25, 27, 43, 55, 60, 76, 79, 84, 94, 95, 98, 99, 100, 103] FZF
	 M 09:  [17, 24, 25, 32, 69, 75, 80] ZSF
      FZF-FZZ-FSF-SFS-SFF-ZSF
      1072 - [01, 12!, 25^, 42^, 45] 2^ 1!
      [0, 2, 2, 8, 8] Score = 4 (+MEGA)

88 => [973, Wed, Aug, 10, 2022]
	   03:  [13, 21, 29, 30, 37, 49, 93] TSS
	   11:  [3, 4, 11, 15, 17, 30, 43, 66, 71, 73, 76, 79, 97, 110] FFS
	   21:  [4, 19, 23, 27, 29, 31, 42, 54, 66, 74, 86, 87, 100, 103, 104] FTF
	   23:  [9, 30, 51, 70, 97] SZZ
	   45:  [19, 24, 26, 42, 54, 59, 75, 78, 83, 93, 94, 97, 98, 99, 102] ZFF
	 M 14:  [106] ???
      FFS-FTF-SZZ-TSS-ZFF-???
      1400 - [03!, 11^, 21^, 23, 45] 2^ 1!
      [2, 3, 8, 12, 18] Score = 5

89 => [972, Sat, Aug, 06, 2022]
	   19:  [7, 8, 11, 30, 42, 43, 45, 67, 70, 102, 108, 109] SFF
	   26:  [6, 16, 19, 23, 37, 58, 65, 66, 81, 91] SSF
	   28:  [2, 38, 41, 52, 74, 93] FZF
	   35:  [6, 13, 28, 32, 38, 51, 59, 66, 74, 84, 90, 107] SST
	   39:  [8, 12, 14, 19, 22, 30, 51, 59, 67, 91, 94, 99, 101, 104, 107, 110] SFF
	 M 06:  [48, 89] ???
      FZF-SSF-SST-SFF-SFF-???
      1360 - [19, 26!, 28, 35!, 39^] 1^ 2!
      [1, 5, 5, 6, 7] Score = 4

90 => [971, Wed, Aug, 03, 2022]
	   01:  [16, 48, 57, 61, 62, 71, 83, 84, 92, 107, 109] ZZS
	   10:  [3, 8, 13, 22, 32, 33, 36, 46, 49, 51, 53, 58, 67, 70, 75, 96, 108] FFF
	   24:  [3, 12, 14, 34, 38, 47, 106] FSF
	   25:  [9, 10, 14, 15, 18, 23, 31, 38, 53, 55, 56, 59, 60, 67, 75, 80, 94] SFF
	   43:  [5, 11, 18, 20, 36, 41, 55, 62, 63, 74, 83, 85, 86, 96, 104] FSS
	 M 05:  [7, 17, 40, 64, 95, 97, 103, 105] SSZ
      FFF-FSF-FSS-SSZ-SFF-ZZS
      1074 - [01, 10!, 24, 25^, 43] 1^ 1!
      [2, 2, 4, 8, 15] Score = 5

91 => [970, Sat, Jul, 30, 2022]
	   02:  [1, 2, 4, 6, 12, 21, 29, 32, 44, 48, 58, 59, 72, 79, 81, 85, 88, 97, 100, 102] FFF
	   11:  [1, 8, 12, 14, 27, 40, 63, 68, 70, 73, 76, 94, 107] FSF
	   28:  [36, 39, 50, 72, 91] ZFT
	   29:  [24, 29, 60, 61, 62, 96] ZFZ
	   33:  [11, 13, 32, 38, 39, 57, 64, 80, 92] TFZ
	 M 03:  [5, 22, 23, 41, 61, 72, 78, 82, 86, 97] FZF
      FFF-FSF-FZF-TFZ-ZFZ-ZFT
      1284 - [02^, 11!, 28, 29, 33!] 1^ 2!
      [0, 0, 10, 23, 35] Score = 3

92 => [969, Wed, Jul, 27, 2022]
	   02:  [1, 3, 5, 11, 20, 28, 31, 43, 47, 57, 58, 71, 78, 80, 84, 87, 96, 99, 101] FFF
	   08:  [12, 19, 22, 30, 46, 54, 61, 64, 100] TSF
	   11:  [7, 11, 13, 26, 39, 62, 67, 69, 72, 75, 93, 106] SFF
	   13:  [6, 12, 13, 15, 19, 23, 26, 27, 29, 37, 41, 57, 72, 83, 86, 99] SSF
	   21:  [15, 19, 23, 25, 27, 38, 50, 62, 70, 82, 83, 96, 99, 100] TFF
	 M 21:  [6, 79] ???
      FFF-SSF-???-SFF-TSF-TFF
      934 - [02^, 08, 11, 13^, 21^] 3^
      [0, 5, 6, 11, 14] Score = 5

93 => [968, Sat, Jul, 23, 2022]
	   02:  [2, 4, 10, 19, 27, 30, 42, 46, 56, 57, 70, 77, 79, 83, 86, 95, 98, 100] FFS
	   10:  [5, 10, 19, 29, 30, 33, 43, 46, 48, 50, 55, 64, 67, 72, 93, 105] FFS
	   24:  [9, 11, 31, 35, 44, 103] SFZ
	   41:  [5, 13, 32, 35, 39, 42, 56, 65, 87, 106] FSZ
	   47:  [17, 18, 27, 49, 53, 55, 59, 75, 90, 95, 96, 99, 106] ZFS
	 M 10:  [45, 46, 54] ???
      FFS-FFS-FSZ-SFZ-ZFS-???
      1170 - [02!, 10^, 24, 41!, 47] 1^ 2!
      [1, 4, 4, 8, 16] Score = 5

94 => [967, Wed, Jul, 20, 2022]
	   07:  [29, 39, 47, 50, 63, 65, 72, 88, 90, 92] ZSS
	   16:  [32, 40, 60, 84, 101] ZSZ
	   30:  [19, 35, 41, 43, 58, 78, 82, 85, 91, 93, 101, 104] ZZS
	   40:  [26, 28, 30, 44, 74, 80, 98, 103] ZFF
	   44:  [7, 20, 30, 39, 45, 46, 50, 51, 66, 70, 79, 89, 95] STS
	 M 16:  [39, 70] ???
      STS-ZZS-ZFF-ZSS-ZSZ-???
      1924 - [07, 16, 30, 40, 44]
      [6, 18, 25, 28, 31] Score = 2

95 => [966, Sat, Jul, 16, 2022]
	   02:  [2, 8, 17, 25, 28, 40, 44, 54, 55, 68, 75, 77, 81, 84, 93, 96, 98] FSS
	   14:  [26, 27, 32, 36, 39, 64, 67, 73, 74, 79, 99] ZFF
	   26:  [10, 13, 17, 31, 52, 59, 60, 75, 85] SFF
	   35:  [7, 22, 26, 32, 45, 53, 60, 68, 78, 84, 101] STF
	   43:  [6, 13, 15, 31, 36, 50, 57, 58, 69, 78, 80, 81, 91, 99] SSF
	 M 27:  [48, 54, 58, 65, 88] ZSF
      FSS-SSF-STF-SFF-ZFF-ZSF
      1208 - [02!, 14^, 26, 35, 43!] 1^ 2!
      [1, 5, 6, 9, 25] Score = 5

96 => [965, Wed, Jul, 13, 2022]
	   12:  [4, 13, 25, 29, 41, 66, 76, 82, 93, 96, 97] FST
	   19:  [1, 4, 23, 35, 36, 38, 60, 63, 95, 101, 102] FFZ
	   20:  [19, 20, 28, 44, 54, 58, 61, 66, 71, 75, 85, 97, 100] ZFS
	   36:  [17, 24, 36, 37, 41, 42, 49, 65, 69, 77, 85, 93, 98, 102] ZST
	   42:  [3, 6, 10, 12, 13, 14, 20, 28, 36, 43, 51, 53, 55, 59, 68, 69] FFF
	 M 03:  [17, 18, 36, 56, 67, 73, 77, 81, 92] ZFZ
      FFZ-FFF-FST-ZST-ZFZ-ZFS
      1070 - [12, 19!, 20, 36!, 42^] 1^ 2!
      [0, 2, 3, 16, 18] Score = 4 (+MEGA)

97 => [964, Sat, Jul, 09, 2022]
	   02:  [6, 15, 23, 26, 38, 42, 52, 53, 66, 73, 75, 79, 82, 91, 94, 96] SSS
	   17:  [25, 28, 32, 34, 47, 53, 65, 69, 70, 72, 81, 90, 94] ZFF
	   19:  [3, 22, 34, 35, 37, 59, 62, 94, 100, 101] FZT
	   23:  [21, 42, 61, 88] ZZZ
	   39:  [4, 6, 11, 14, 22, 43, 51, 59, 83, 86, 91, 93, 96, 99, 102] FFF
	 M 05:  [10, 33, 57, 88, 90, 96, 98] SZZ
      FZT-FFF-SSS-SZZ-ZZZ-ZFF
      100370 - [02!, 17!, 19!, 23, 39^] 1^ 3!
      [2, 3, 5, 20, 24] Score = 4

98 => [963, Wed, Jul, 06, 2022]
	   10:  [5, 14, 24, 25, 28, 38, 41, 43, 45, 50, 59, 62, 67, 88, 100] FSS
	   13:  [6, 7, 9, 13, 17, 20, 21, 23, 31, 35, 51, 66, 77, 80, 93] SFF
	   34:  [8, 15, 16, 20, 34, 43, 45, 49, 62, 69, 79] SSF
	   38:  [2, 4, 12, 14, 30, 36, 40, 74, 78, 85, 86, 92, 97] FFS
	   41:  [8, 27, 30, 34, 37, 51, 60, 82, 101] SZF
	 M 21:  [73] ???
      FFS-FSS-SFF-SSF-SZF-???
      874 - [10^, 13^, 34!, 38!, 41^] 3^ 2!
      [1, 4, 5, 7, 7] Score = 4

99 => [962, Sat, Jul, 02, 2022]
	   04:  [6, 28, 36, 59, 81, 85, 95] SZS
	   11:  [4, 6, 19, 32, 55, 60, 62, 65, 68, 86, 99] FFT
	   15:  [10, 18, 37, 42, 66, 67, 69, 70, 80, 87] SSZ
	   25:  [1, 5, 6, 9, 14, 22, 29, 44, 46, 47, 50, 51, 58, 66, 71, 85] FFF
	   42:  [3, 7, 9, 10, 11, 17, 25, 33, 40, 48, 50, 52, 56, 65, 66] FFF
	 M 18:  [18, 56] ???
      FFF-FFF-FFT-SZS-SSZ-???
      1576 - [04, 11, 15, 25^, 42^] 2^
      [0, 2, 3, 5, 9] Score = 4 (+MEGA)

===

===
=  [Avgs]:   | 1.18 | 3.58 | 6.58 | 11.0 | 19.7 |  [Devs]: | 1.47 | 2.71 | 3.62 | 4.85 | 10.6 | 
= [Ranges]:     0 - 2.65     0.86 - 6.29     2.95 - 10.2     6.16 - 15.8     9.08 - 30.4     
=                   |    0 - 2   |   0 - 6   |   2 - 10   |   6 - 15   |   9 - 30   |   
= [Sample Size]:  100
===

===
= Average MEGA Age: 10
= {  sum: 647  count: 64  }
===
===
= Range override in use: 17.0 - 19.0
===
===
= MEGA ball selections: 01 15 
===



===
= Distribution for 1057-Jun 14 using 50% deviation:
===
0.68 - 1.92 | 2.56 - 4.72 | 4.98 - 7.92 | 8.55 - 12.0 | 16.2 - 23.4
Edge: 98.8%  (17640 permutations)    Hits: 0 | 0 | 6 | 27 | 15 | 2 | 
ODDS = 2:50 * 1:17640 = 1:441000, model is 3X better odds than full game odds
===

===
= Selections from table:
===
[02!, 07^, 09^, 14, 17^, 21^, 24, 28, 44, 47!]
[01, 06, 16^, 19, 23, 27^, 30, 37, 43!]
[01, 03, 04!, 08, 20^, 22, 31, 36!, 40, 42, 45]
[05, 11^, 12!, 13, 18, 29, 33, 35!, 39!]
[26, 32]
===

===
= Activity Histogram
===
 5: 73	{3^+2!=2, 5^=26, 4^+1!=45}
 6: 633	{3^+2!=183, 4^+1!=241, 5^=16, 4^=137, 3^+1!=56}
 7: 3326	{3^+2!=707, 2^+2!=182, 2^+3!=292, 4^+1!=109, 3^+1!=1400, 4^=531, 3^=105}
 8: 10667	{1^+3!=105, 2^+1!=973, 3^+2!=209, 2^+2!=3118, 2^+3!=736, 1^+4!=192, 4^+1!=2, 3^+1!=3129, 4^=340, 3^=1859, 2^=4}
 9: 24519	{2^+1!=8578, 2^+2!=5361, 2^+3!=149, 3^+1!=1822, 4^=170, 3^=3246, 2^=1019, 5!=37, 4!=7, 1^+2!=1250, 1^+3!=2574, 1^+1!=11, 1^+4!=295}
10: 43274	{2^+1!=12375, 2^+2!=3049, 3^+1!=919, 4^=24, 3^=2925, 2^=6242, 5!=37, 4!=699, 1^=15, 3!=317, 2!=1, 1^+2!=10182, 1^+3!=3131, 1^+1!=3335, 1^+4!=23}
11: 61715	{2^+1!=11426, 2^+2!=1345, 3^+1!=145, 4^=38, 3^=1876, 2^=9451, 4!=486, 1^=2149, 3!=3586, 2!=1667, 1^+2!=12680, 1!=15, 1^+3!=1845, 1^+1!=15006}
12: 74016	{2^+1!=6450, 2^+2!=256, 3^+1!=234, 4^=16, 3^=861, 2^=10368, 4!=395, 1^=7255, 3!=3461, 2!=7412, 1^+2!=11870, 1!=2545, 1^+3!=606, 1^+1!=22272, 0+0=15}
13: 77079	{2^+1!=3416, 2^+2!=388, 3^+1!=55, 3^=603, 2^=7408, 1^=13133, 4!=43, 3!=3311, 2!=11206, 1^+2!=5704, 1!=7245, 1^+3!=170, 1^+1!=23307, 0+0=1090}
14: 70617	{2^+1!=2059, 2^+2!=50, 3^=287, 2^=5217, 1^=14442, 4!=46, 3!=1327, 2!=10201, 1!=14387, 1^+2!=3366, 1^+3!=204, 1^+1!=16201, 0+0=2830}
15: 58179	{2^+1!=935, 3^=108, 2^=3154, 1^=12787, 4!=22, 3!=937, 2!=7242, 1!=14168, 1^+2!=1719, 1^+3!=6, 1^+1!=11117, 0+0=5984}
16: 43777	{2^+1!=343, 3^=8, 2^=1912, 1^=9543, 3!=311, 2!=4578, 1!=12812, 1^+2!=870, 1^+1!=6320, 0+0=7080}
17: 30340	{2^+1!=16, 2^=857, 1^=6740, 3!=229, 2!=2645, 1!=8720, 1^+2!=207, 1^+1!=3917, 0+0=7009}
18: 19488	{2^=288, 1^=4249, 3!=10, 2!=1397, 1!=6493, 1^+2!=4, 1^+1!=1523, 0+0=5524}
19: 11410	{2^=34, 1^=2318, 2!=565, 1!=3538, 1^+1!=491, 0+0=4464}
20: 6060	{1^=962, 2!=109, 1!=2011, 1^+1!=30, 0+0=2948}
21: 2740	{1^=259, 1!=671, 0+0=1810}
22: 1050	{1^=28, 1!=170, 0+0=852}
23: 316	{1!=5, 0+0=311}
24: 55	{0+0=55}
25: 6	{0+0=6}
===

===
= History of last 100 events
===
ODDS = 33:100 * 1:539340 = 1:1634363, model fails to outperform, selection set represents 106% of full game permutations
===
=  Hits: 0 | 1 | 2 | 17 | 47 | 33 | 
===
===
= MEGA ball prediction hit 5 times
===
===
= Average score is 4.09
===


===
= Distribution for 1057-Jun 14 using 66% deviation:
===
0.48 - 2.12 | 2.21 - 5.06 | 4.51 - 8.39 | 7.99 - 12.6 | 15.1 - 24.6
Edge: 94.6%  (82392 permutations)    Hits: 0 | 0 | 2 | 24 | 20 | 4 | 
ODDS = 4:50 * 1:82392 = 1:1029900, model selection set is 67% of full game
===

===
= Selections from table:
===
[02!, 06, 07^, 09^, 14, 16^, 17^, 21^, 23, 24, 27^, 28, 44, 47!]
[01, 04!, 06, 16^, 19, 20^, 23, 27^, 30, 36!, 37, 43!]
[01, 03, 04!, 08, 11^, 20^, 22, 31, 35!, 36!, 40, 42, 45]
[05, 11^, 12!, 13, 18, 29, 31, 33, 35!, 39!, 42, 45]
[15^, 26, 32, 41]
===



===
= Distribution for 1057-Jun 14 using 82% deviation:
===
0.29 - 2.31 | 1.87 - 5.41 | 4.03 - 8.86 | 7.42 - 13.1 | 13.9 - 25.7
Edge: 89.2%  (165043 permutations)    Hits: 0 | 0 | 1 | 15 | 25 | 9 | 
ODDS = 9:50 * 1:165043 = 1:916905, model selection set is 59% of full game
===

===
= Selections from table:
===
[02!, 06, 07^, 09^, 14, 16^, 17^, 21^, 23, 24, 27^, 28, 44, 47!]
[01, 04!, 06, 07^, 09^, 16^, 17^, 19, 20^, 21^, 23, 27^, 28, 30, 36!, 37, 43!]
[01, 03, 04!, 08, 11^, 20^, 22, 31, 35!, 36!, 40, 42, 45]
[05, 11^, 12!, 13, 18, 29, 31, 33, 35!, 39!, 42, 45, 46^]
[10, 15^, 26, 32, 41, 46^]
===

