{
   "error": "You've exceeded the maximum requests per minute, please wait or upgrade your subscription to continue. https://polygon.io/pricing",
   "request_id": "732eeac813ed843ab72e9d0dc6d7a278",
   "status": "ERROR"
}
{
   "error": "You've exceeded the maximum requests per minute, please wait or upgrade your subscription to continue. https://polygon.io/pricing",
   "request_id": "84ada352de2660824e73ea6c9c2656c5",
   "status": "ERROR"
}
{
   "error": "You've exceeded the maximum requests per minute, please wait or upgrade your subscription to continue. https://polygon.io/pricing",
   "request_id": "087cfd2bcb5b423d5ddabc3dc1f564ea",
   "status": "ERROR"
}
{
   "ticker": "ATVI",
   "resultsCount": 0,
   "adjusted": true,
   "queryCount": 0,
   "request_id": "eb9e4db024770683c39be2c948d6df07",
   "status": "DELAYED"
}
