
 Directory of C:\Users\Michael\workspace\CalcToolsGUI\scripts

02/14/2018  08:11 PM               815 ADSplineTwoD.txt
02/04/2019  05:24 AM             1,225 AiryCalcTests.txt
02/04/2019  01:47 AM               223 AiryDE.txt
02/04/2019  05:25 AM               378 AiryDeclarations.txt
02/04/2019  05:23 AM               602 AiryErrorPlots.txt
02/04/2019  05:26 AM               228 AiryFunctions.txt
02/14/2019  11:34 PM               715 AiryInterp.txt
02/04/2019  05:21 AM               814 AiryRenders.txt
01/21/2019  12:14 AM               894 AirySpline.txt
01/16/2019  07:14 PM               618 AirySplineTests.txt
08/24/2021  01:40 PM             1,004 AnacondaTests.txt
02/01/2018  06:09 PM             1,610 ArrayAsFunction.txt
06/19/2016  10:03 PM               145 AssignFieldIdentities.txt
01/19/2018  06:31 AM               135 AtanIterator.sub
01/19/2018  06:36 AM               243 AtanSeriesCompute.txt
12/02/2018  07:32 AM             1,644 BarsAndPies.txt
02/12/2019  05:46 PM               206 BernoulliODE.txt
12/21/2017  06:38 AM               119 BernoulliPlots.txt
09/10/2017  05:09 PM               408 BernoulliPolynomialDerivation.txt
09/07/2017  04:20 PM               226 BernoulliPolynomialRegression.txt
05/21/2016  06:04 PM               243 BesJ0ScaledVC31.txt
02/27/2018  08:19 PM               948 BesJ0Spline.txt
02/04/2019  03:27 AM             1,681 BesselDE.txt
01/25/2019  06:31 PM             1,172 BesselDiffEqTest.txt
05/19/2016  07:12 PM             2,015 BesselFunctions.txt
04/30/2016  01:57 PM               405 BesselInterp.txt
11/13/2018  09:45 PM               568 besselK0.txt
04/10/2016  03:02 AM               533 BesselPlots.txt
02/27/2018  11:05 PM             1,548 BesselSpline.txt
02/27/2018  11:10 PM               378 BesselSpline3.txt
02/28/2018  02:19 AM             1,081 BesselSpline3tri.txt
02/28/2018  12:28 PM               711 BesselSplineCompare.sub
02/28/2018  10:52 PM             1,154 BesselSplineTri.txt
05/14/2016  03:01 PM               720 BesselVC21.txt
02/27/2018  10:58 PM               286 BesselVC31.txt
03/02/2018  07:44 AM             1,070 BesselVC31Spline.txt
02/27/2018  10:54 PM               218 BesselVC31Tri.txt
01/01/2018  10:58 AM               146 BesSph.txt
09/15/2017  06:32 PM               495 Beta.txt
03/31/2016  10:26 PM               487 BuiltInFunctions.txt
04/25/2016  05:48 PM               752 ChebCircle.txt
04/26/2016  02:28 PM             1,038 ChebCircle8th.txt
02/09/2019  12:50 PM               538 ChebderTest.txt
01/26/2019  05:05 PM             1,164 ChebEQ.txt
02/05/2019  01:55 AM               645 ChebEQDef.txt
01/26/2019  05:41 PM             1,019 ChebEQExec.txt
06/11/2016  08:54 AM               436 ChebEQGen.txt
06/11/2016  07:06 PM               486 ChebEQOnRef.txt
06/09/2016  08:31 PM               678 ChebEQs.txt
01/26/2019  04:01 PM               150 ChebEQTst.txt
01/26/2019  05:19 PM               534 ChebFamTst.txt
04/18/2016  12:33 AM                70 Chebyshev-init.txt
04/18/2016  12:54 AM               110 Chebyshev-iter.txt
12/20/2017  05:38 PM               586 ChebyshevFamily.txt
12/16/2017  11:40 AM               231 ChebyshevT.txt
12/10/2018  02:02 PM             1,569 ChiSquared.txt
01/22/2018  01:24 PM               854 ClenQuad.txt
08/24/2021  03:16 PM             1,358 ClmathTests.txt
04/06/2016  03:31 PM               860 CmplxDemoBesselAiry.txt
04/07/2016  10:33 PM               352 CmplxDemoExpInt.txt
04/08/2016  10:45 AM               469 CmplxDemoMatrix.txt
04/08/2016  10:45 AM               366 CmplxDemoRoots.txt
01/19/2018  04:18 PM               254 CmplxTrigTest.sub
01/31/2018  03:21 PM             2,553 CmplxTrigTests.txt
05/14/2016  10:53 AM               729 ColtLib.txt
08/27/2021  10:40 AM               156 ColtLibTests.txt
01/17/2018  08:54 PM               758 ComplexIdentities.txt
01/31/2017  02:06 PM             1,703 ComputeFactoredE.txt
03/16/2016  11:25 PM                46 ComputeNthBernoulli.txt
10/22/2018  01:45 PM             3,180 ComputePi.txt
03/29/2017  01:11 PM             2,284 ComputePiEuler.txt
03/24/2017  10:28 AM             2,089 ComputePiFactored.txt
03/25/2017  12:54 PM             3,434 ComputePiRamanujan.txt
01/31/2017  02:27 PM               776 ComputePiSeries.txt
03/17/2021  09:07 AM               527 ComputePrimePI.txt
09/02/2021  12:26 PM               191 ContourPlot.txt
08/12/2021  09:31 AM               204 Corless.txt
03/19/2016  11:43 AM               349 cubic.txt
03/08/2018  05:20 PM             2,020 DCT.txt
02/03/2018  12:35 PM               434 Debye.txt
05/10/2016  03:24 PM               326 DeconvTest.txt
03/03/2020  01:06 PM                34 DEQ-RK4.txt
09/27/2021  03:08 PM             6,415 DerivativeIdentities.txt
02/12/2019  06:54 PM               231 DifferentialEquations.txt
06/23/2016  05:52 PM               630 DiffRules.txt
06/17/2016  12:57 PM               487 DiffRules2.txt
06/17/2016  03:13 PM               525 DiffRules3.txt
10/27/2021  06:43 PM                 0 dir.lis
04/03/2021  05:51 PM             2,046 EllipticInt.txt
01/12/2018  03:31 PM               639 EmptySet.txt
01/05/2018  04:53 AM                96 ErfPlot.txt
02/12/2019  06:49 PM               280 EulerDE.txt
02/22/2019  10:59 PM               560 EulerFamily.txt
04/15/2021  07:47 PM               901 EulerMash.txt
10/04/2018  04:47 AM             1,234 ExpDemo.txt
10/09/2018  01:21 AM             2,080 ExpInt.txt
10/13/2021  11:55 AM               719 ExpIntTest.txt
06/17/2018  12:25 AM             4,699 ExpIntTesting.sub
03/06/2018  11:11 PM             1,056 ExpIntVC.txt
04/17/2021  07:08 AM               138 ExpTest.txt
06/14/2016  04:30 PM               122 ExpTransform.txt
04/08/2016  10:45 AM               215 FactoredDemoPrimes.txt
12/21/2017  02:52 AM               787 FamilyPlots.txt
10/30/2018  02:04 PM               195 FFT.txt
02/12/2019  06:12 PM               647 FieldODE.txt
02/19/2019  01:37 AM                75 FieldODEtest.txt
03/13/2019  07:47 PM               176 FieldODETestResults.txt
02/12/2019  09:06 PM               521 FieldSplineTest.txt
04/08/2016  02:34 PM               329 FloatDemoAiry.txt
04/24/2016  04:54 PM               790 FloatDemoBellSegment2.txt
04/19/2016  03:56 PM               576 FloatDemoBellVanche.txt
04/08/2016  03:10 PM               194 FloatDemoBeta.txt
04/22/2016  07:27 PM             2,430 FloatDemoBigSegmented.txt
04/09/2016  11:33 AM             1,832 FloatDemoCalculus.txt
07/24/2016  07:15 AM               926 FloatDemoChebyshevSegmented.txt
04/09/2016  12:13 PM               847 FloatDemoCombo.txt
06/14/2018  08:34 AM               291 FloatDemoEllip.txt
02/14/2018  02:16 PM             3,800 FloatDemoErf.txt
04/08/2016  02:41 PM               404 FloatDemoExpIntegral.txt
03/22/2016  12:08 AM                30 FloatDemoGamma.txt
03/19/2016  11:52 AM                30 FloatDemoGraphSin.txt
04/24/2016  12:13 PM             1,576 FloatDemoGRungeSegmented.txt
04/27/2016  05:21 PM               599 FloatDemoGRungeSingleSegment.txt
12/16/2018  06:11 AM               732 FloatDemoRegression.txt
04/22/2016  04:41 PM             1,742 FloatDemoRungeSegmented.txt
04/27/2016  05:19 PM               914 FloatDemoSpline.txt
03/18/2016  04:52 PM               393 FloatDemoStats.txt
04/19/2016  12:12 PM               992 FloatDemoVanChe.txt
01/19/2018  05:13 AM               308 FresnelIntegrals.txt
04/15/2021  05:33 PM               240 GammaA068466.txt
04/15/2021  12:55 PM               242 GammaA073005.txt
04/15/2021  09:03 PM               262 GammaA073006.txt
04/15/2021  01:12 PM               236 GammaA220086.txt
04/15/2021  09:27 PM               981 GammaCompute.txt
02/22/2019  04:45 PM             2,819 GammaDistribution.txt
04/02/2016  05:36 PM               318 GammaFunctions.txt
04/15/2021  12:32 PM                48 GammaIteration.sub
04/15/2021  09:17 PM               223 GammaIterTests.txt
08/04/2021  02:14 PM               304 GammaRIplot.txt
01/17/2019  10:08 PM               662 GammaSpline.txt
02/21/2021  05:11 PM               216 GammaSplinePlot.txt
09/03/2017  06:31 PM            11,185 GammaStudy.RPT
01/18/2019  12:34 PM               404 GammaTests.txt
01/24/2018  12:42 PM             1,618 GaussQuad.txt
02/05/2019  01:57 AM               258 GegenbauerDE.txt
01/21/2017  01:52 PM               280 GoldenRatio.txt
01/19/2018  06:59 AM               568 GreekAlphabet.txt
06/14/2016  10:48 AM               249 HarmonicTransform.txt
02/02/2019  11:38 PM             2,178 Hermite.txt
02/05/2019  01:58 AM               523 HermiteDE.txt
04/08/2021  01:17 PM             3,157 HGF.txt
01/14/2018  11:44 PM               619 HGFpoly.sub
01/19/2018  06:51 AM               153 HGFpolyRun.txt
01/19/2018  06:50 AM               632 HGFtests.txt
04/03/2021  06:20 PM               104 Hyperbolic.txt
02/05/2019  02:00 AM               451 HyperGeometricDE.txt
06/15/2016  10:16 PM               232 IntegrationTransform.txt
01/24/2018  08:05 PM             2,418 Interpolate.txt
06/23/2016  12:01 PM               476 J0HetroSpline.txt
02/05/2019  02:01 AM               259 JacobiDE.txt
04/01/2016  12:11 PM               452 JavaMath.txt
03/26/2016  03:05 PM             1,890 keycodes.txt
02/05/2019  02:01 AM               305 LaguerreDE.txt
01/31/2019  03:11 AM            56,423 LaguerreRoots.txt
08/11/2021  12:42 PM               416 LambertOmega.txt
03/21/2016  03:02 PM                68 legendre-init.sub
01/19/2018  07:16 AM               742 legendre-iterations.txt
01/19/2018  07:14 AM               101 legendre-iterator.txt
01/19/2018  07:13 AM               262 legendre-script.sub
01/19/2018  07:11 AM                97 legendre.sub
02/05/2019  02:02 AM               332 LegendreDE.txt
01/26/2019  05:52 PM             1,336 LegendrePlots.txt
03/21/2016  04:04 PM             2,421 LegendrePolynomialCoefficients.txt
02/05/2018  11:47 AM               661 LegendreQ.txt
04/08/2016  05:09 PM               246 LinAlgCmplxDemo.txt
04/04/2016  03:22 PM               263 LinAlgDemo.txt
03/19/2016  11:55 AM             1,379 MandelbrotPlot.txt
07/31/2021  09:51 AM               623 Mangoldt.txt
02/12/2019  07:01 PM               471 MathieuDE.txt
03/28/2016  06:02 PM               248 NamedConstants.txt
01/03/2017  02:35 PM               307 NegateRenders.txt
02/22/2018  02:58 AM               613 NewtonRootMethod.txt
03/19/2016  05:46 PM             1,319 number-theory.txt
01/30/2019  01:27 AM                95 Omega.txt
02/02/2017  10:53 PM             3,916 PiComputations.out
06/28/2016  07:50 PM             1,321 pie-crust-2.txt
04/27/2016  11:39 PM               555 pie-crust.txt
07/13/2021  03:43 PM                76 Plot3Dmesh.txt
01/02/2018  12:04 PM               638 Pochhammer.txt
04/10/2021  04:54 PM               267 PochMatrix.txt
04/10/2021  04:53 PM                98 PochRow.sub
03/08/2016  12:51 PM               199 PolarPlotR.txt
03/07/2016  06:39 PM               191 PolarPlotTheta.txt
03/19/2016  11:58 AM                76 polyfit.txt
08/07/2021  08:50 AM               197 PolygammaReal.txt
08/09/2021  01:40 PM             1,078 PolygammaTests.txt
07/30/2021  10:53 AM               407 PolylogTests.txt
07/31/2021  10:18 AM               834 PolyPlots.txt
06/16/2016  11:41 AM               217 PolyTransform.txt
09/12/2018  06:18 AM               276 PrimeError.txt
04/02/2016  05:13 PM             1,139 ProbabilityFunctions.txt
04/29/2016  01:25 PM               151 psi.txt
03/18/2016  11:56 AM               187 quadratic.txt
12/31/2016  10:13 PM                79 QuadraticRender.txt
06/17/2018  12:09 AM             1,801 Quadrature.txt
03/18/2016  12:56 PM               741 quartic.txt
03/09/2016  08:19 PM               174 regress.txt
06/24/2016  01:38 PM               468 regress_data.txt
11/17/2017  09:19 AM             1,578 RenderSamples.txt
02/24/2019  06:30 PM               912 Riccati.txt
03/12/2019  11:36 PM               543 RungeKutta.txt
02/11/2019  02:19 PM               764 RungeKuttaRiccati.txt
02/11/2019  09:45 PM               785 RungeKuttaRiccati2.txt
02/11/2019  08:04 PM               740 RungeKuttaSSQ.txt
08/13/2017  02:12 PM             1,152 SeriesConvergence.txt
02/12/2018  06:30 AM               479 Si.txt
04/13/2016  10:58 PM                42 SinGraph
02/11/2019  03:26 PM               182 SinsqODE.txt
02/11/2019  07:03 PM               551 SinsqSplineTest.txt
11/20/2018  03:50 AM             2,026 spec-ops.txt
01/29/2019  11:09 PM             4,470 SpecFunc.txt
03/25/2017  10:57 AM               429 sqrtCompute.txt
03/13/2016  07:31 PM               537 sqrtIteration.txt
03/18/2016  12:30 PM               429 sqrtPrep.txt
03/28/2016  05:06 PM               565 SummationNotations.txt
06/28/2016  08:54 AM               632 TanhSinhQuad.txt
11/07/2018  09:16 PM               580 Taylor.txt
11/20/2018  02:54 AM               391 TaylorTest.txt
06/09/2016  01:52 PM                96 Transforms.txt
06/09/2016  10:04 PM               173 TransformsInt.txt
06/11/2016  08:56 AM             1,067 TransformsTst.txt
10/11/2018  02:35 AM             4,550 TrigIdentities.txt
09/25/2021  11:38 AM                91 TrigPowTest.txt
10/13/2021  11:11 AM             1,180 UnitTestEi.txt
04/19/2016  11:47 AM               557 vanche.txt
02/27/2018  10:11 PM             1,318 VanChe31X.txt
05/16/2016  05:00 PM               137 VC31Prep.txt
07/20/2021  01:51 PM                39 VonMangoldt.txt
07/14/2021  10:03 PM               379 workingComplex.txt
02/22/2016  11:49 PM             2,281 ws.txt
03/09/2016  02:39 PM               387 ws2.txt
07/26/2021  02:38 PM             1,408 z2test.txt
08/29/2021  04:08 PM               209 Zeta3D.txt
07/16/2021  12:38 PM               111 ZetaBaselTest.txt
04/21/2021  08:52 AM               728 ZetaComplex.txt
07/18/2021  05:14 PM               859 ZetaComplexTest.txt
07/09/2021  03:59 PM                76 ZetaContourPlot.txt
08/17/2021  04:18 PM                89 ZetaCritVector.txt
04/19/2021  07:33 PM             5,670 ZetaEuler.txt
04/19/2021  07:55 PM            30,572 ZetaEulerPlot.txt
02/01/2018  07:18 AM             1,126 ZetaFactored.txt
04/19/2021  06:13 PM            19,457 ZetaGeneric.txt
04/19/2021  06:21 PM               188 ZetaGenericPlot.txt
07/17/2021  11:19 AM               153 ZetaMeshPlot.txt
07/13/2021  12:39 PM               544 ZetaPlotTest.txt
11/20/2018  01:43 AM             1,921 ZetaReal.txt
08/29/2021  03:52 PM               408 ZetaRIplot.txt
07/13/2021  07:00 PM               969 ZetaTest.txt
07/31/2021  02:58 PM             1,777 ztest.txt
             259 File(s)        324,410 bytes
               2 Dir(s)  190,889,476,096 bytes free
